The system is: Linux - 4.15.0-144-generic - x86_64
Compiling the C compiler identification source file "CMakeCCompilerId.c" succeeded.
Compiler: /bin/gcc-10 
Build flags: 
Id flags:  

The output was:
0


Compilation of the C compiler identification source "CMakeCCompilerId.c" produced "a.out"

The C compiler identification is GNU, found in "/root/RS/build/CMakeFiles/3.10.2/CompilerIdC/a.out"

Compiling the CXX compiler identification source file "CMakeCXXCompilerId.cpp" succeeded.
Compiler: /bin/g++-10 
Build flags: 
Id flags:  

The output was:
0


Compilation of the CXX compiler identification source "CMakeCXXCompilerId.cpp" produced "a.out"

The CXX compiler identification is GNU, found in "/root/RS/build/CMakeFiles/3.10.2/CompilerIdCXX/a.out"

Determining if the C compiler works passed with the following output:
Change Dir: /root/RS/build/CMakeFiles/CMakeTmp

Run Build Command:"/usr/bin/make" "cmTC_f5963/fast"
/usr/bin/make -f CMakeFiles/cmTC_f5963.dir/build.make CMakeFiles/cmTC_f5963.dir/build
make[1]: Entering directory '/root/RS/build/CMakeFiles/CMakeTmp'
Building C object CMakeFiles/cmTC_f5963.dir/testCCompiler.c.o
/bin/gcc-10    -o CMakeFiles/cmTC_f5963.dir/testCCompiler.c.o   -c /root/RS/build/CMakeFiles/CMakeTmp/testCCompiler.c
Linking C executable cmTC_f5963
/usr/bin/cmake -E cmake_link_script CMakeFiles/cmTC_f5963.dir/link.txt --verbose=1
/bin/gcc-10      -rdynamic CMakeFiles/cmTC_f5963.dir/testCCompiler.c.o  -o cmTC_f5963 
make[1]: Leaving directory '/root/RS/build/CMakeFiles/CMakeTmp'


Detecting C compiler ABI info compiled with the following output:
Change Dir: /root/RS/build/CMakeFiles/CMakeTmp

Run Build Command:"/usr/bin/make" "cmTC_1d77e/fast"
/usr/bin/make -f CMakeFiles/cmTC_1d77e.dir/build.make CMakeFiles/cmTC_1d77e.dir/build
make[1]: Entering directory '/root/RS/build/CMakeFiles/CMakeTmp'
Building C object CMakeFiles/cmTC_1d77e.dir/CMakeCCompilerABI.c.o
/bin/gcc-10    -o CMakeFiles/cmTC_1d77e.dir/CMakeCCompilerABI.c.o   -c /usr/share/cmake-3.10/Modules/CMakeCCompilerABI.c
Linking C executable cmTC_1d77e
/usr/bin/cmake -E cmake_link_script CMakeFiles/cmTC_1d77e.dir/link.txt --verbose=1
/bin/gcc-10     -v -rdynamic CMakeFiles/cmTC_1d77e.dir/CMakeCCompilerABI.c.o  -o cmTC_1d77e 
Using built-in specs.
COLLECT_GCC=/bin/gcc-10
COLLECT_LTO_WRAPPER=/opt/gcc/bin/../libexec/gcc/x86_64-pc-linux-gnu/10.3.0/lto-wrapper
Target: x86_64-pc-linux-gnu
Configured with: ./configure --prefix=/root/local/gcc --enable-bootstrap --enable-checking=release --enable-languages=c,c++ --disable-multilib
Thread model: posix
Supported LTO compression algorithms: zlib
gcc version 10.3.0 (GCC) 
COMPILER_PATH=/opt/gcc/bin/../libexec/gcc/x86_64-pc-linux-gnu/10.3.0/:/opt/gcc/bin/../libexec/gcc/
LIBRARY_PATH=/opt/gcc/bin/../lib/gcc/x86_64-pc-linux-gnu/10.3.0/:/opt/gcc/bin/../lib/gcc/:/opt/gcc/bin/../lib/gcc/x86_64-pc-linux-gnu/10.3.0/../../../../lib64/:/lib/x86_64-linux-gnu/:/lib/../lib64/:/usr/lib/x86_64-linux-gnu/:/opt/gcc/bin/../lib/gcc/x86_64-pc-linux-gnu/10.3.0/../../../:/lib/:/usr/lib/
COLLECT_GCC_OPTIONS='-v' '-rdynamic' '-o' 'cmTC_1d77e' '-mtune=generic' '-march=x86-64'
 /opt/gcc/bin/../libexec/gcc/x86_64-pc-linux-gnu/10.3.0/collect2 -plugin /opt/gcc/bin/../libexec/gcc/x86_64-pc-linux-gnu/10.3.0/liblto_plugin.so -plugin-opt=/opt/gcc/bin/../libexec/gcc/x86_64-pc-linux-gnu/10.3.0/lto-wrapper -plugin-opt=-fresolution=/tmp/ccV744QW.res -plugin-opt=-pass-through=-lgcc -plugin-opt=-pass-through=-lgcc_s -plugin-opt=-pass-through=-lc -plugin-opt=-pass-through=-lgcc -plugin-opt=-pass-through=-lgcc_s --eh-frame-hdr -m elf_x86_64 -export-dynamic -dynamic-linker /lib64/ld-linux-x86-64.so.2 -o cmTC_1d77e /usr/lib/x86_64-linux-gnu/crt1.o /usr/lib/x86_64-linux-gnu/crti.o /opt/gcc/bin/../lib/gcc/x86_64-pc-linux-gnu/10.3.0/crtbegin.o -L/opt/gcc/bin/../lib/gcc/x86_64-pc-linux-gnu/10.3.0 -L/opt/gcc/bin/../lib/gcc -L/opt/gcc/bin/../lib/gcc/x86_64-pc-linux-gnu/10.3.0/../../../../lib64 -L/lib/x86_64-linux-gnu -L/lib/../lib64 -L/usr/lib/x86_64-linux-gnu -L/opt/gcc/bin/../lib/gcc/x86_64-pc-linux-gnu/10.3.0/../../.. CMakeFiles/cmTC_1d77e.dir/CMakeCCompilerABI.c.o -lgcc --push-state --as-needed -lgcc_s --pop-state -lc -lgcc --push-state --as-needed -lgcc_s --pop-state /opt/gcc/bin/../lib/gcc/x86_64-pc-linux-gnu/10.3.0/crtend.o /usr/lib/x86_64-linux-gnu/crtn.o
COLLECT_GCC_OPTIONS='-v' '-rdynamic' '-o' 'cmTC_1d77e' '-mtune=generic' '-march=x86-64'
make[1]: Leaving directory '/root/RS/build/CMakeFiles/CMakeTmp'


Parsed C implicit link information from above output:
  link line regex: [^( *|.*[/\])(ld|CMAKE_LINK_STARTFILE-NOTFOUND|([^/\]+-)?ld|collect2)[^/\]*( |$)]
  ignore line: [Change Dir: /root/RS/build/CMakeFiles/CMakeTmp]
  ignore line: []
  ignore line: [Run Build Command:"/usr/bin/make" "cmTC_1d77e/fast"]
  ignore line: [/usr/bin/make -f CMakeFiles/cmTC_1d77e.dir/build.make CMakeFiles/cmTC_1d77e.dir/build]
  ignore line: [make[1]: Entering directory '/root/RS/build/CMakeFiles/CMakeTmp']
  ignore line: [Building C object CMakeFiles/cmTC_1d77e.dir/CMakeCCompilerABI.c.o]
  ignore line: [/bin/gcc-10    -o CMakeFiles/cmTC_1d77e.dir/CMakeCCompilerABI.c.o   -c /usr/share/cmake-3.10/Modules/CMakeCCompilerABI.c]
  ignore line: [Linking C executable cmTC_1d77e]
  ignore line: [/usr/bin/cmake -E cmake_link_script CMakeFiles/cmTC_1d77e.dir/link.txt --verbose=1]
  ignore line: [/bin/gcc-10     -v -rdynamic CMakeFiles/cmTC_1d77e.dir/CMakeCCompilerABI.c.o  -o cmTC_1d77e ]
  ignore line: [Using built-in specs.]
  ignore line: [COLLECT_GCC=/bin/gcc-10]
  ignore line: [COLLECT_LTO_WRAPPER=/opt/gcc/bin/../libexec/gcc/x86_64-pc-linux-gnu/10.3.0/lto-wrapper]
  ignore line: [Target: x86_64-pc-linux-gnu]
  ignore line: [Configured with: ./configure --prefix=/root/local/gcc --enable-bootstrap --enable-checking=release --enable-languages=c,c++ --disable-multilib]
  ignore line: [Thread model: posix]
  ignore line: [Supported LTO compression algorithms: zlib]
  ignore line: [gcc version 10.3.0 (GCC) ]
  ignore line: [COMPILER_PATH=/opt/gcc/bin/../libexec/gcc/x86_64-pc-linux-gnu/10.3.0/:/opt/gcc/bin/../libexec/gcc/]
  ignore line: [LIBRARY_PATH=/opt/gcc/bin/../lib/gcc/x86_64-pc-linux-gnu/10.3.0/:/opt/gcc/bin/../lib/gcc/:/opt/gcc/bin/../lib/gcc/x86_64-pc-linux-gnu/10.3.0/../../../../lib64/:/lib/x86_64-linux-gnu/:/lib/../lib64/:/usr/lib/x86_64-linux-gnu/:/opt/gcc/bin/../lib/gcc/x86_64-pc-linux-gnu/10.3.0/../../../:/lib/:/usr/lib/]
  ignore line: [COLLECT_GCC_OPTIONS='-v' '-rdynamic' '-o' 'cmTC_1d77e' '-mtune=generic' '-march=x86-64']
  link line: [ /opt/gcc/bin/../libexec/gcc/x86_64-pc-linux-gnu/10.3.0/collect2 -plugin /opt/gcc/bin/../libexec/gcc/x86_64-pc-linux-gnu/10.3.0/liblto_plugin.so -plugin-opt=/opt/gcc/bin/../libexec/gcc/x86_64-pc-linux-gnu/10.3.0/lto-wrapper -plugin-opt=-fresolution=/tmp/ccV744QW.res -plugin-opt=-pass-through=-lgcc -plugin-opt=-pass-through=-lgcc_s -plugin-opt=-pass-through=-lc -plugin-opt=-pass-through=-lgcc -plugin-opt=-pass-through=-lgcc_s --eh-frame-hdr -m elf_x86_64 -export-dynamic -dynamic-linker /lib64/ld-linux-x86-64.so.2 -o cmTC_1d77e /usr/lib/x86_64-linux-gnu/crt1.o /usr/lib/x86_64-linux-gnu/crti.o /opt/gcc/bin/../lib/gcc/x86_64-pc-linux-gnu/10.3.0/crtbegin.o -L/opt/gcc/bin/../lib/gcc/x86_64-pc-linux-gnu/10.3.0 -L/opt/gcc/bin/../lib/gcc -L/opt/gcc/bin/../lib/gcc/x86_64-pc-linux-gnu/10.3.0/../../../../lib64 -L/lib/x86_64-linux-gnu -L/lib/../lib64 -L/usr/lib/x86_64-linux-gnu -L/opt/gcc/bin/../lib/gcc/x86_64-pc-linux-gnu/10.3.0/../../.. CMakeFiles/cmTC_1d77e.dir/CMakeCCompilerABI.c.o -lgcc --push-state --as-needed -lgcc_s --pop-state -lc -lgcc --push-state --as-needed -lgcc_s --pop-state /opt/gcc/bin/../lib/gcc/x86_64-pc-linux-gnu/10.3.0/crtend.o /usr/lib/x86_64-linux-gnu/crtn.o]
    arg [/opt/gcc/bin/../libexec/gcc/x86_64-pc-linux-gnu/10.3.0/collect2] ==> ignore
    arg [-plugin] ==> ignore
    arg [/opt/gcc/bin/../libexec/gcc/x86_64-pc-linux-gnu/10.3.0/liblto_plugin.so] ==> ignore
    arg [-plugin-opt=/opt/gcc/bin/../libexec/gcc/x86_64-pc-linux-gnu/10.3.0/lto-wrapper] ==> ignore
    arg [-plugin-opt=-fresolution=/tmp/ccV744QW.res] ==> ignore
    arg [-plugin-opt=-pass-through=-lgcc] ==> ignore
    arg [-plugin-opt=-pass-through=-lgcc_s] ==> ignore
    arg [-plugin-opt=-pass-through=-lc] ==> ignore
    arg [-plugin-opt=-pass-through=-lgcc] ==> ignore
    arg [-plugin-opt=-pass-through=-lgcc_s] ==> ignore
    arg [--eh-frame-hdr] ==> ignore
    arg [-m] ==> ignore
    arg [elf_x86_64] ==> ignore
    arg [-export-dynamic] ==> ignore
    arg [-dynamic-linker] ==> ignore
    arg [/lib64/ld-linux-x86-64.so.2] ==> ignore
    arg [-o] ==> ignore
    arg [cmTC_1d77e] ==> ignore
    arg [/usr/lib/x86_64-linux-gnu/crt1.o] ==> ignore
    arg [/usr/lib/x86_64-linux-gnu/crti.o] ==> ignore
    arg [/opt/gcc/bin/../lib/gcc/x86_64-pc-linux-gnu/10.3.0/crtbegin.o] ==> ignore
    arg [-L/opt/gcc/bin/../lib/gcc/x86_64-pc-linux-gnu/10.3.0] ==> dir [/opt/gcc/bin/../lib/gcc/x86_64-pc-linux-gnu/10.3.0]
    arg [-L/opt/gcc/bin/../lib/gcc] ==> dir [/opt/gcc/bin/../lib/gcc]
    arg [-L/opt/gcc/bin/../lib/gcc/x86_64-pc-linux-gnu/10.3.0/../../../../lib64] ==> dir [/opt/gcc/bin/../lib/gcc/x86_64-pc-linux-gnu/10.3.0/../../../../lib64]
    arg [-L/lib/x86_64-linux-gnu] ==> dir [/lib/x86_64-linux-gnu]
    arg [-L/lib/../lib64] ==> dir [/lib/../lib64]
    arg [-L/usr/lib/x86_64-linux-gnu] ==> dir [/usr/lib/x86_64-linux-gnu]
    arg [-L/opt/gcc/bin/../lib/gcc/x86_64-pc-linux-gnu/10.3.0/../../..] ==> dir [/opt/gcc/bin/../lib/gcc/x86_64-pc-linux-gnu/10.3.0/../../..]
    arg [CMakeFiles/cmTC_1d77e.dir/CMakeCCompilerABI.c.o] ==> ignore
    arg [-lgcc] ==> lib [gcc]
    arg [--push-state] ==> ignore
    arg [--as-needed] ==> ignore
    arg [-lgcc_s] ==> lib [gcc_s]
    arg [--pop-state] ==> ignore
    arg [-lc] ==> lib [c]
    arg [-lgcc] ==> lib [gcc]
    arg [--push-state] ==> ignore
    arg [--as-needed] ==> ignore
    arg [-lgcc_s] ==> lib [gcc_s]
    arg [--pop-state] ==> ignore
    arg [/opt/gcc/bin/../lib/gcc/x86_64-pc-linux-gnu/10.3.0/crtend.o] ==> ignore
    arg [/usr/lib/x86_64-linux-gnu/crtn.o] ==> ignore
  collapse library dir [/opt/gcc/bin/../lib/gcc/x86_64-pc-linux-gnu/10.3.0] ==> [/opt/gcc/lib/gcc/x86_64-pc-linux-gnu/10.3.0]
  collapse library dir [/opt/gcc/bin/../lib/gcc] ==> [/opt/gcc/lib/gcc]
  collapse library dir [/opt/gcc/bin/../lib/gcc/x86_64-pc-linux-gnu/10.3.0/../../../../lib64] ==> [/opt/gcc/lib64]
  collapse library dir [/lib/x86_64-linux-gnu] ==> [/lib/x86_64-linux-gnu]
  collapse library dir [/lib/../lib64] ==> [/lib64]
  collapse library dir [/usr/lib/x86_64-linux-gnu] ==> [/usr/lib/x86_64-linux-gnu]
  collapse library dir [/opt/gcc/bin/../lib/gcc/x86_64-pc-linux-gnu/10.3.0/../../..] ==> [/opt/gcc/lib]
  implicit libs: [gcc;gcc_s;c;gcc;gcc_s]
  implicit dirs: [/opt/gcc/lib/gcc/x86_64-pc-linux-gnu/10.3.0;/opt/gcc/lib/gcc;/opt/gcc/lib64;/lib/x86_64-linux-gnu;/lib64;/usr/lib/x86_64-linux-gnu;/opt/gcc/lib]
  implicit fwks: []




Detecting C [-std=c11] compiler features compiled with the following output:
Change Dir: /root/RS/build/CMakeFiles/CMakeTmp

Run Build Command:"/usr/bin/make" "cmTC_1535e/fast"
/usr/bin/make -f CMakeFiles/cmTC_1535e.dir/build.make CMakeFiles/cmTC_1535e.dir/build
make[1]: Entering directory '/root/RS/build/CMakeFiles/CMakeTmp'
Building C object CMakeFiles/cmTC_1535e.dir/feature_tests.c.o
/bin/gcc-10   -std=c11 -o CMakeFiles/cmTC_1535e.dir/feature_tests.c.o   -c /root/RS/build/CMakeFiles/feature_tests.c
Linking C executable cmTC_1535e
/usr/bin/cmake -E cmake_link_script CMakeFiles/cmTC_1535e.dir/link.txt --verbose=1
/bin/gcc-10      -rdynamic CMakeFiles/cmTC_1535e.dir/feature_tests.c.o  -o cmTC_1535e 
make[1]: Leaving directory '/root/RS/build/CMakeFiles/CMakeTmp'


    Feature record: C_FEATURE:1c_function_prototypes
    Feature record: C_FEATURE:1c_restrict
    Feature record: C_FEATURE:1c_static_assert
    Feature record: C_FEATURE:1c_variadic_macros


Detecting C [-std=c99] compiler features compiled with the following output:
Change Dir: /root/RS/build/CMakeFiles/CMakeTmp

Run Build Command:"/usr/bin/make" "cmTC_cccf6/fast"
/usr/bin/make -f CMakeFiles/cmTC_cccf6.dir/build.make CMakeFiles/cmTC_cccf6.dir/build
make[1]: Entering directory '/root/RS/build/CMakeFiles/CMakeTmp'
Building C object CMakeFiles/cmTC_cccf6.dir/feature_tests.c.o
/bin/gcc-10   -std=c99 -o CMakeFiles/cmTC_cccf6.dir/feature_tests.c.o   -c /root/RS/build/CMakeFiles/feature_tests.c
Linking C executable cmTC_cccf6
/usr/bin/cmake -E cmake_link_script CMakeFiles/cmTC_cccf6.dir/link.txt --verbose=1
/bin/gcc-10      -rdynamic CMakeFiles/cmTC_cccf6.dir/feature_tests.c.o  -o cmTC_cccf6 
make[1]: Leaving directory '/root/RS/build/CMakeFiles/CMakeTmp'


    Feature record: C_FEATURE:1c_function_prototypes
    Feature record: C_FEATURE:1c_restrict
    Feature record: C_FEATURE:0c_static_assert
    Feature record: C_FEATURE:1c_variadic_macros


Detecting C [-std=c90] compiler features compiled with the following output:
Change Dir: /root/RS/build/CMakeFiles/CMakeTmp

Run Build Command:"/usr/bin/make" "cmTC_d7430/fast"
/usr/bin/make -f CMakeFiles/cmTC_d7430.dir/build.make CMakeFiles/cmTC_d7430.dir/build
make[1]: Entering directory '/root/RS/build/CMakeFiles/CMakeTmp'
Building C object CMakeFiles/cmTC_d7430.dir/feature_tests.c.o
/bin/gcc-10   -std=c90 -o CMakeFiles/cmTC_d7430.dir/feature_tests.c.o   -c /root/RS/build/CMakeFiles/feature_tests.c
Linking C executable cmTC_d7430
/usr/bin/cmake -E cmake_link_script CMakeFiles/cmTC_d7430.dir/link.txt --verbose=1
/bin/gcc-10      -rdynamic CMakeFiles/cmTC_d7430.dir/feature_tests.c.o  -o cmTC_d7430 
make[1]: Leaving directory '/root/RS/build/CMakeFiles/CMakeTmp'


    Feature record: C_FEATURE:1c_function_prototypes
    Feature record: C_FEATURE:0c_restrict
    Feature record: C_FEATURE:0c_static_assert
    Feature record: C_FEATURE:0c_variadic_macros
Determining if the CXX compiler works passed with the following output:
Change Dir: /root/RS/build/CMakeFiles/CMakeTmp

Run Build Command:"/usr/bin/make" "cmTC_eaf94/fast"
/usr/bin/make -f CMakeFiles/cmTC_eaf94.dir/build.make CMakeFiles/cmTC_eaf94.dir/build
make[1]: Entering directory '/root/RS/build/CMakeFiles/CMakeTmp'
Building CXX object CMakeFiles/cmTC_eaf94.dir/testCXXCompiler.cxx.o
/bin/g++-10     -o CMakeFiles/cmTC_eaf94.dir/testCXXCompiler.cxx.o -c /root/RS/build/CMakeFiles/CMakeTmp/testCXXCompiler.cxx
Linking CXX executable cmTC_eaf94
/usr/bin/cmake -E cmake_link_script CMakeFiles/cmTC_eaf94.dir/link.txt --verbose=1
/bin/g++-10       -rdynamic CMakeFiles/cmTC_eaf94.dir/testCXXCompiler.cxx.o  -o cmTC_eaf94 
make[1]: Leaving directory '/root/RS/build/CMakeFiles/CMakeTmp'


Detecting CXX compiler ABI info compiled with the following output:
Change Dir: /root/RS/build/CMakeFiles/CMakeTmp

Run Build Command:"/usr/bin/make" "cmTC_9878f/fast"
/usr/bin/make -f CMakeFiles/cmTC_9878f.dir/build.make CMakeFiles/cmTC_9878f.dir/build
make[1]: Entering directory '/root/RS/build/CMakeFiles/CMakeTmp'
Building CXX object CMakeFiles/cmTC_9878f.dir/CMakeCXXCompilerABI.cpp.o
/bin/g++-10     -o CMakeFiles/cmTC_9878f.dir/CMakeCXXCompilerABI.cpp.o -c /usr/share/cmake-3.10/Modules/CMakeCXXCompilerABI.cpp
Linking CXX executable cmTC_9878f
/usr/bin/cmake -E cmake_link_script CMakeFiles/cmTC_9878f.dir/link.txt --verbose=1
/bin/g++-10      -v -rdynamic CMakeFiles/cmTC_9878f.dir/CMakeCXXCompilerABI.cpp.o  -o cmTC_9878f 
Using built-in specs.
COLLECT_GCC=/bin/g++-10
COLLECT_LTO_WRAPPER=/opt/gcc/bin/../libexec/gcc/x86_64-pc-linux-gnu/10.3.0/lto-wrapper
Target: x86_64-pc-linux-gnu
Configured with: ./configure --prefix=/root/local/gcc --enable-bootstrap --enable-checking=release --enable-languages=c,c++ --disable-multilib
Thread model: posix
Supported LTO compression algorithms: zlib
gcc version 10.3.0 (GCC) 
COMPILER_PATH=/opt/gcc/bin/../libexec/gcc/x86_64-pc-linux-gnu/10.3.0/:/opt/gcc/bin/../libexec/gcc/
LIBRARY_PATH=/opt/gcc/bin/../lib/gcc/x86_64-pc-linux-gnu/10.3.0/:/opt/gcc/bin/../lib/gcc/:/opt/gcc/bin/../lib/gcc/x86_64-pc-linux-gnu/10.3.0/../../../../lib64/:/lib/x86_64-linux-gnu/:/lib/../lib64/:/usr/lib/x86_64-linux-gnu/:/opt/gcc/bin/../lib/gcc/x86_64-pc-linux-gnu/10.3.0/../../../:/lib/:/usr/lib/
COLLECT_GCC_OPTIONS='-v' '-rdynamic' '-o' 'cmTC_9878f' '-shared-libgcc' '-mtune=generic' '-march=x86-64'
 /opt/gcc/bin/../libexec/gcc/x86_64-pc-linux-gnu/10.3.0/collect2 -plugin /opt/gcc/bin/../libexec/gcc/x86_64-pc-linux-gnu/10.3.0/liblto_plugin.so -plugin-opt=/opt/gcc/bin/../libexec/gcc/x86_64-pc-linux-gnu/10.3.0/lto-wrapper -plugin-opt=-fresolution=/tmp/ccWzhdSm.res -plugin-opt=-pass-through=-lgcc_s -plugin-opt=-pass-through=-lgcc -plugin-opt=-pass-through=-lc -plugin-opt=-pass-through=-lgcc_s -plugin-opt=-pass-through=-lgcc --eh-frame-hdr -m elf_x86_64 -export-dynamic -dynamic-linker /lib64/ld-linux-x86-64.so.2 -o cmTC_9878f /usr/lib/x86_64-linux-gnu/crt1.o /usr/lib/x86_64-linux-gnu/crti.o /opt/gcc/bin/../lib/gcc/x86_64-pc-linux-gnu/10.3.0/crtbegin.o -L/opt/gcc/bin/../lib/gcc/x86_64-pc-linux-gnu/10.3.0 -L/opt/gcc/bin/../lib/gcc -L/opt/gcc/bin/../lib/gcc/x86_64-pc-linux-gnu/10.3.0/../../../../lib64 -L/lib/x86_64-linux-gnu -L/lib/../lib64 -L/usr/lib/x86_64-linux-gnu -L/opt/gcc/bin/../lib/gcc/x86_64-pc-linux-gnu/10.3.0/../../.. CMakeFiles/cmTC_9878f.dir/CMakeCXXCompilerABI.cpp.o -lstdc++ -lm -lgcc_s -lgcc -lc -lgcc_s -lgcc /opt/gcc/bin/../lib/gcc/x86_64-pc-linux-gnu/10.3.0/crtend.o /usr/lib/x86_64-linux-gnu/crtn.o
COLLECT_GCC_OPTIONS='-v' '-rdynamic' '-o' 'cmTC_9878f' '-shared-libgcc' '-mtune=generic' '-march=x86-64'
make[1]: Leaving directory '/root/RS/build/CMakeFiles/CMakeTmp'


Parsed CXX implicit link information from above output:
  link line regex: [^( *|.*[/\])(ld|CMAKE_LINK_STARTFILE-NOTFOUND|([^/\]+-)?ld|collect2)[^/\]*( |$)]
  ignore line: [Change Dir: /root/RS/build/CMakeFiles/CMakeTmp]
  ignore line: []
  ignore line: [Run Build Command:"/usr/bin/make" "cmTC_9878f/fast"]
  ignore line: [/usr/bin/make -f CMakeFiles/cmTC_9878f.dir/build.make CMakeFiles/cmTC_9878f.dir/build]
  ignore line: [make[1]: Entering directory '/root/RS/build/CMakeFiles/CMakeTmp']
  ignore line: [Building CXX object CMakeFiles/cmTC_9878f.dir/CMakeCXXCompilerABI.cpp.o]
  ignore line: [/bin/g++-10     -o CMakeFiles/cmTC_9878f.dir/CMakeCXXCompilerABI.cpp.o -c /usr/share/cmake-3.10/Modules/CMakeCXXCompilerABI.cpp]
  ignore line: [Linking CXX executable cmTC_9878f]
  ignore line: [/usr/bin/cmake -E cmake_link_script CMakeFiles/cmTC_9878f.dir/link.txt --verbose=1]
  ignore line: [/bin/g++-10      -v -rdynamic CMakeFiles/cmTC_9878f.dir/CMakeCXXCompilerABI.cpp.o  -o cmTC_9878f ]
  ignore line: [Using built-in specs.]
  ignore line: [COLLECT_GCC=/bin/g++-10]
  ignore line: [COLLECT_LTO_WRAPPER=/opt/gcc/bin/../libexec/gcc/x86_64-pc-linux-gnu/10.3.0/lto-wrapper]
  ignore line: [Target: x86_64-pc-linux-gnu]
  ignore line: [Configured with: ./configure --prefix=/root/local/gcc --enable-bootstrap --enable-checking=release --enable-languages=c,c++ --disable-multilib]
  ignore line: [Thread model: posix]
  ignore line: [Supported LTO compression algorithms: zlib]
  ignore line: [gcc version 10.3.0 (GCC) ]
  ignore line: [COMPILER_PATH=/opt/gcc/bin/../libexec/gcc/x86_64-pc-linux-gnu/10.3.0/:/opt/gcc/bin/../libexec/gcc/]
  ignore line: [LIBRARY_PATH=/opt/gcc/bin/../lib/gcc/x86_64-pc-linux-gnu/10.3.0/:/opt/gcc/bin/../lib/gcc/:/opt/gcc/bin/../lib/gcc/x86_64-pc-linux-gnu/10.3.0/../../../../lib64/:/lib/x86_64-linux-gnu/:/lib/../lib64/:/usr/lib/x86_64-linux-gnu/:/opt/gcc/bin/../lib/gcc/x86_64-pc-linux-gnu/10.3.0/../../../:/lib/:/usr/lib/]
  ignore line: [COLLECT_GCC_OPTIONS='-v' '-rdynamic' '-o' 'cmTC_9878f' '-shared-libgcc' '-mtune=generic' '-march=x86-64']
  link line: [ /opt/gcc/bin/../libexec/gcc/x86_64-pc-linux-gnu/10.3.0/collect2 -plugin /opt/gcc/bin/../libexec/gcc/x86_64-pc-linux-gnu/10.3.0/liblto_plugin.so -plugin-opt=/opt/gcc/bin/../libexec/gcc/x86_64-pc-linux-gnu/10.3.0/lto-wrapper -plugin-opt=-fresolution=/tmp/ccWzhdSm.res -plugin-opt=-pass-through=-lgcc_s -plugin-opt=-pass-through=-lgcc -plugin-opt=-pass-through=-lc -plugin-opt=-pass-through=-lgcc_s -plugin-opt=-pass-through=-lgcc --eh-frame-hdr -m elf_x86_64 -export-dynamic -dynamic-linker /lib64/ld-linux-x86-64.so.2 -o cmTC_9878f /usr/lib/x86_64-linux-gnu/crt1.o /usr/lib/x86_64-linux-gnu/crti.o /opt/gcc/bin/../lib/gcc/x86_64-pc-linux-gnu/10.3.0/crtbegin.o -L/opt/gcc/bin/../lib/gcc/x86_64-pc-linux-gnu/10.3.0 -L/opt/gcc/bin/../lib/gcc -L/opt/gcc/bin/../lib/gcc/x86_64-pc-linux-gnu/10.3.0/../../../../lib64 -L/lib/x86_64-linux-gnu -L/lib/../lib64 -L/usr/lib/x86_64-linux-gnu -L/opt/gcc/bin/../lib/gcc/x86_64-pc-linux-gnu/10.3.0/../../.. CMakeFiles/cmTC_9878f.dir/CMakeCXXCompilerABI.cpp.o -lstdc++ -lm -lgcc_s -lgcc -lc -lgcc_s -lgcc /opt/gcc/bin/../lib/gcc/x86_64-pc-linux-gnu/10.3.0/crtend.o /usr/lib/x86_64-linux-gnu/crtn.o]
    arg [/opt/gcc/bin/../libexec/gcc/x86_64-pc-linux-gnu/10.3.0/collect2] ==> ignore
    arg [-plugin] ==> ignore
    arg [/opt/gcc/bin/../libexec/gcc/x86_64-pc-linux-gnu/10.3.0/liblto_plugin.so] ==> ignore
    arg [-plugin-opt=/opt/gcc/bin/../libexec/gcc/x86_64-pc-linux-gnu/10.3.0/lto-wrapper] ==> ignore
    arg [-plugin-opt=-fresolution=/tmp/ccWzhdSm.res] ==> ignore
    arg [-plugin-opt=-pass-through=-lgcc_s] ==> ignore
    arg [-plugin-opt=-pass-through=-lgcc] ==> ignore
    arg [-plugin-opt=-pass-through=-lc] ==> ignore
    arg [-plugin-opt=-pass-through=-lgcc_s] ==> ignore
    arg [-plugin-opt=-pass-through=-lgcc] ==> ignore
    arg [--eh-frame-hdr] ==> ignore
    arg [-m] ==> ignore
    arg [elf_x86_64] ==> ignore
    arg [-export-dynamic] ==> ignore
    arg [-dynamic-linker] ==> ignore
    arg [/lib64/ld-linux-x86-64.so.2] ==> ignore
    arg [-o] ==> ignore
    arg [cmTC_9878f] ==> ignore
    arg [/usr/lib/x86_64-linux-gnu/crt1.o] ==> ignore
    arg [/usr/lib/x86_64-linux-gnu/crti.o] ==> ignore
    arg [/opt/gcc/bin/../lib/gcc/x86_64-pc-linux-gnu/10.3.0/crtbegin.o] ==> ignore
    arg [-L/opt/gcc/bin/../lib/gcc/x86_64-pc-linux-gnu/10.3.0] ==> dir [/opt/gcc/bin/../lib/gcc/x86_64-pc-linux-gnu/10.3.0]
    arg [-L/opt/gcc/bin/../lib/gcc] ==> dir [/opt/gcc/bin/../lib/gcc]
    arg [-L/opt/gcc/bin/../lib/gcc/x86_64-pc-linux-gnu/10.3.0/../../../../lib64] ==> dir [/opt/gcc/bin/../lib/gcc/x86_64-pc-linux-gnu/10.3.0/../../../../lib64]
    arg [-L/lib/x86_64-linux-gnu] ==> dir [/lib/x86_64-linux-gnu]
    arg [-L/lib/../lib64] ==> dir [/lib/../lib64]
    arg [-L/usr/lib/x86_64-linux-gnu] ==> dir [/usr/lib/x86_64-linux-gnu]
    arg [-L/opt/gcc/bin/../lib/gcc/x86_64-pc-linux-gnu/10.3.0/../../..] ==> dir [/opt/gcc/bin/../lib/gcc/x86_64-pc-linux-gnu/10.3.0/../../..]
    arg [CMakeFiles/cmTC_9878f.dir/CMakeCXXCompilerABI.cpp.o] ==> ignore
    arg [-lstdc++] ==> lib [stdc++]
    arg [-lm] ==> lib [m]
    arg [-lgcc_s] ==> lib [gcc_s]
    arg [-lgcc] ==> lib [gcc]
    arg [-lc] ==> lib [c]
    arg [-lgcc_s] ==> lib [gcc_s]
    arg [-lgcc] ==> lib [gcc]
    arg [/opt/gcc/bin/../lib/gcc/x86_64-pc-linux-gnu/10.3.0/crtend.o] ==> ignore
    arg [/usr/lib/x86_64-linux-gnu/crtn.o] ==> ignore
  collapse library dir [/opt/gcc/bin/../lib/gcc/x86_64-pc-linux-gnu/10.3.0] ==> [/opt/gcc/lib/gcc/x86_64-pc-linux-gnu/10.3.0]
  collapse library dir [/opt/gcc/bin/../lib/gcc] ==> [/opt/gcc/lib/gcc]
  collapse library dir [/opt/gcc/bin/../lib/gcc/x86_64-pc-linux-gnu/10.3.0/../../../../lib64] ==> [/opt/gcc/lib64]
  collapse library dir [/lib/x86_64-linux-gnu] ==> [/lib/x86_64-linux-gnu]
  collapse library dir [/lib/../lib64] ==> [/lib64]
  collapse library dir [/usr/lib/x86_64-linux-gnu] ==> [/usr/lib/x86_64-linux-gnu]
  collapse library dir [/opt/gcc/bin/../lib/gcc/x86_64-pc-linux-gnu/10.3.0/../../..] ==> [/opt/gcc/lib]
  implicit libs: [stdc++;m;gcc_s;gcc;c;gcc_s;gcc]
  implicit dirs: [/opt/gcc/lib/gcc/x86_64-pc-linux-gnu/10.3.0;/opt/gcc/lib/gcc;/opt/gcc/lib64;/lib/x86_64-linux-gnu;/lib64;/usr/lib/x86_64-linux-gnu;/opt/gcc/lib]
  implicit fwks: []




Detecting CXX [-std=c++1z] compiler features compiled with the following output:
Change Dir: /root/RS/build/CMakeFiles/CMakeTmp

Run Build Command:"/usr/bin/make" "cmTC_80ceb/fast"
/usr/bin/make -f CMakeFiles/cmTC_80ceb.dir/build.make CMakeFiles/cmTC_80ceb.dir/build
make[1]: Entering directory '/root/RS/build/CMakeFiles/CMakeTmp'
Building CXX object CMakeFiles/cmTC_80ceb.dir/feature_tests.cxx.o
/bin/g++-10    -std=c++1z -o CMakeFiles/cmTC_80ceb.dir/feature_tests.cxx.o -c /root/RS/build/CMakeFiles/feature_tests.cxx
Linking CXX executable cmTC_80ceb
/usr/bin/cmake -E cmake_link_script CMakeFiles/cmTC_80ceb.dir/link.txt --verbose=1
/bin/g++-10       -rdynamic CMakeFiles/cmTC_80ceb.dir/feature_tests.cxx.o  -o cmTC_80ceb 
make[1]: Leaving directory '/root/RS/build/CMakeFiles/CMakeTmp'


    Feature record: CXX_FEATURE:1cxx_aggregate_default_initializers
    Feature record: CXX_FEATURE:1cxx_alias_templates
    Feature record: CXX_FEATURE:1cxx_alignas
    Feature record: CXX_FEATURE:1cxx_alignof
    Feature record: CXX_FEATURE:1cxx_attributes
    Feature record: CXX_FEATURE:1cxx_attribute_deprecated
    Feature record: CXX_FEATURE:1cxx_auto_type
    Feature record: CXX_FEATURE:1cxx_binary_literals
    Feature record: CXX_FEATURE:1cxx_constexpr
    Feature record: CXX_FEATURE:1cxx_contextual_conversions
    Feature record: CXX_FEATURE:1cxx_decltype
    Feature record: CXX_FEATURE:1cxx_decltype_auto
    Feature record: CXX_FEATURE:1cxx_decltype_incomplete_return_types
    Feature record: CXX_FEATURE:1cxx_default_function_template_args
    Feature record: CXX_FEATURE:1cxx_defaulted_functions
    Feature record: CXX_FEATURE:1cxx_defaulted_move_initializers
    Feature record: CXX_FEATURE:1cxx_delegating_constructors
    Feature record: CXX_FEATURE:1cxx_deleted_functions
    Feature record: CXX_FEATURE:1cxx_digit_separators
    Feature record: CXX_FEATURE:1cxx_enum_forward_declarations
    Feature record: CXX_FEATURE:1cxx_explicit_conversions
    Feature record: CXX_FEATURE:1cxx_extended_friend_declarations
    Feature record: CXX_FEATURE:1cxx_extern_templates
    Feature record: CXX_FEATURE:1cxx_final
    Feature record: CXX_FEATURE:1cxx_func_identifier
    Feature record: CXX_FEATURE:1cxx_generalized_initializers
    Feature record: CXX_FEATURE:1cxx_generic_lambdas
    Feature record: CXX_FEATURE:1cxx_inheriting_constructors
    Feature record: CXX_FEATURE:1cxx_inline_namespaces
    Feature record: CXX_FEATURE:1cxx_lambdas
    Feature record: CXX_FEATURE:1cxx_lambda_init_captures
    Feature record: CXX_FEATURE:1cxx_local_type_template_args
    Feature record: CXX_FEATURE:1cxx_long_long_type
    Feature record: CXX_FEATURE:1cxx_noexcept
    Feature record: CXX_FEATURE:1cxx_nonstatic_member_init
    Feature record: CXX_FEATURE:1cxx_nullptr
    Feature record: CXX_FEATURE:1cxx_override
    Feature record: CXX_FEATURE:1cxx_range_for
    Feature record: CXX_FEATURE:1cxx_raw_string_literals
    Feature record: CXX_FEATURE:1cxx_reference_qualified_functions
    Feature record: CXX_FEATURE:1cxx_relaxed_constexpr
    Feature record: CXX_FEATURE:1cxx_return_type_deduction
    Feature record: CXX_FEATURE:1cxx_right_angle_brackets
    Feature record: CXX_FEATURE:1cxx_rvalue_references
    Feature record: CXX_FEATURE:1cxx_sizeof_member
    Feature record: CXX_FEATURE:1cxx_static_assert
    Feature record: CXX_FEATURE:1cxx_strong_enums
    Feature record: CXX_FEATURE:1cxx_template_template_parameters
    Feature record: CXX_FEATURE:1cxx_thread_local
    Feature record: CXX_FEATURE:1cxx_trailing_return_types
    Feature record: CXX_FEATURE:1cxx_unicode_literals
    Feature record: CXX_FEATURE:1cxx_uniform_initialization
    Feature record: CXX_FEATURE:1cxx_unrestricted_unions
    Feature record: CXX_FEATURE:1cxx_user_literals
    Feature record: CXX_FEATURE:1cxx_variable_templates
    Feature record: CXX_FEATURE:1cxx_variadic_macros
    Feature record: CXX_FEATURE:1cxx_variadic_templates


Detecting CXX [-std=c++14] compiler features compiled with the following output:
Change Dir: /root/RS/build/CMakeFiles/CMakeTmp

Run Build Command:"/usr/bin/make" "cmTC_b0073/fast"
/usr/bin/make -f CMakeFiles/cmTC_b0073.dir/build.make CMakeFiles/cmTC_b0073.dir/build
make[1]: Entering directory '/root/RS/build/CMakeFiles/CMakeTmp'
Building CXX object CMakeFiles/cmTC_b0073.dir/feature_tests.cxx.o
/bin/g++-10    -std=c++14 -o CMakeFiles/cmTC_b0073.dir/feature_tests.cxx.o -c /root/RS/build/CMakeFiles/feature_tests.cxx
Linking CXX executable cmTC_b0073
/usr/bin/cmake -E cmake_link_script CMakeFiles/cmTC_b0073.dir/link.txt --verbose=1
/bin/g++-10       -rdynamic CMakeFiles/cmTC_b0073.dir/feature_tests.cxx.o  -o cmTC_b0073 
make[1]: Leaving directory '/root/RS/build/CMakeFiles/CMakeTmp'


    Feature record: CXX_FEATURE:1cxx_aggregate_default_initializers
    Feature record: CXX_FEATURE:1cxx_alias_templates
    Feature record: CXX_FEATURE:1cxx_alignas
    Feature record: CXX_FEATURE:1cxx_alignof
    Feature record: CXX_FEATURE:1cxx_attributes
    Feature record: CXX_FEATURE:1cxx_attribute_deprecated
    Feature record: CXX_FEATURE:1cxx_auto_type
    Feature record: CXX_FEATURE:1cxx_binary_literals
    Feature record: CXX_FEATURE:1cxx_constexpr
    Feature record: CXX_FEATURE:1cxx_contextual_conversions
    Feature record: CXX_FEATURE:1cxx_decltype
    Feature record: CXX_FEATURE:1cxx_decltype_auto
    Feature record: CXX_FEATURE:1cxx_decltype_incomplete_return_types
    Feature record: CXX_FEATURE:1cxx_default_function_template_args
    Feature record: CXX_FEATURE:1cxx_defaulted_functions
    Feature record: CXX_FEATURE:1cxx_defaulted_move_initializers
    Feature record: CXX_FEATURE:1cxx_delegating_constructors
    Feature record: CXX_FEATURE:1cxx_deleted_functions
    Feature record: CXX_FEATURE:1cxx_digit_separators
    Feature record: CXX_FEATURE:1cxx_enum_forward_declarations
    Feature record: CXX_FEATURE:1cxx_explicit_conversions
    Feature record: CXX_FEATURE:1cxx_extended_friend_declarations
    Feature record: CXX_FEATURE:1cxx_extern_templates
    Feature record: CXX_FEATURE:1cxx_final
    Feature record: CXX_FEATURE:1cxx_func_identifier
    Feature record: CXX_FEATURE:1cxx_generalized_initializers
    Feature record: CXX_FEATURE:1cxx_generic_lambdas
    Feature record: CXX_FEATURE:1cxx_inheriting_constructors
    Feature record: CXX_FEATURE:1cxx_inline_namespaces
    Feature record: CXX_FEATURE:1cxx_lambdas
    Feature record: CXX_FEATURE:1cxx_lambda_init_captures
    Feature record: CXX_FEATURE:1cxx_local_type_template_args
    Feature record: CXX_FEATURE:1cxx_long_long_type
    Feature record: CXX_FEATURE:1cxx_noexcept
    Feature record: CXX_FEATURE:1cxx_nonstatic_member_init
    Feature record: CXX_FEATURE:1cxx_nullptr
    Feature record: CXX_FEATURE:1cxx_override
    Feature record: CXX_FEATURE:1cxx_range_for
    Feature record: CXX_FEATURE:1cxx_raw_string_literals
    Feature record: CXX_FEATURE:1cxx_reference_qualified_functions
    Feature record: CXX_FEATURE:1cxx_relaxed_constexpr
    Feature record: CXX_FEATURE:1cxx_return_type_deduction
    Feature record: CXX_FEATURE:1cxx_right_angle_brackets
    Feature record: CXX_FEATURE:1cxx_rvalue_references
    Feature record: CXX_FEATURE:1cxx_sizeof_member
    Feature record: CXX_FEATURE:1cxx_static_assert
    Feature record: CXX_FEATURE:1cxx_strong_enums
    Feature record: CXX_FEATURE:1cxx_template_template_parameters
    Feature record: CXX_FEATURE:1cxx_thread_local
    Feature record: CXX_FEATURE:1cxx_trailing_return_types
    Feature record: CXX_FEATURE:1cxx_unicode_literals
    Feature record: CXX_FEATURE:1cxx_uniform_initialization
    Feature record: CXX_FEATURE:1cxx_unrestricted_unions
    Feature record: CXX_FEATURE:1cxx_user_literals
    Feature record: CXX_FEATURE:1cxx_variable_templates
    Feature record: CXX_FEATURE:1cxx_variadic_macros
    Feature record: CXX_FEATURE:1cxx_variadic_templates


Detecting CXX [-std=c++11] compiler features compiled with the following output:
Change Dir: /root/RS/build/CMakeFiles/CMakeTmp

Run Build Command:"/usr/bin/make" "cmTC_c5aba/fast"
/usr/bin/make -f CMakeFiles/cmTC_c5aba.dir/build.make CMakeFiles/cmTC_c5aba.dir/build
make[1]: Entering directory '/root/RS/build/CMakeFiles/CMakeTmp'
Building CXX object CMakeFiles/cmTC_c5aba.dir/feature_tests.cxx.o
/bin/g++-10    -std=c++11 -o CMakeFiles/cmTC_c5aba.dir/feature_tests.cxx.o -c /root/RS/build/CMakeFiles/feature_tests.cxx
Linking CXX executable cmTC_c5aba
/usr/bin/cmake -E cmake_link_script CMakeFiles/cmTC_c5aba.dir/link.txt --verbose=1
/bin/g++-10       -rdynamic CMakeFiles/cmTC_c5aba.dir/feature_tests.cxx.o  -o cmTC_c5aba 
make[1]: Leaving directory '/root/RS/build/CMakeFiles/CMakeTmp'


    Feature record: CXX_FEATURE:0cxx_aggregate_default_initializers
    Feature record: CXX_FEATURE:1cxx_alias_templates
    Feature record: CXX_FEATURE:1cxx_alignas
    Feature record: CXX_FEATURE:1cxx_alignof
    Feature record: CXX_FEATURE:1cxx_attributes
    Feature record: CXX_FEATURE:0cxx_attribute_deprecated
    Feature record: CXX_FEATURE:1cxx_auto_type
    Feature record: CXX_FEATURE:0cxx_binary_literals
    Feature record: CXX_FEATURE:1cxx_constexpr
    Feature record: CXX_FEATURE:0cxx_contextual_conversions
    Feature record: CXX_FEATURE:1cxx_decltype
    Feature record: CXX_FEATURE:0cxx_decltype_auto
    Feature record: CXX_FEATURE:1cxx_decltype_incomplete_return_types
    Feature record: CXX_FEATURE:1cxx_default_function_template_args
    Feature record: CXX_FEATURE:1cxx_defaulted_functions
    Feature record: CXX_FEATURE:1cxx_defaulted_move_initializers
    Feature record: CXX_FEATURE:1cxx_delegating_constructors
    Feature record: CXX_FEATURE:1cxx_deleted_functions
    Feature record: CXX_FEATURE:0cxx_digit_separators
    Feature record: CXX_FEATURE:1cxx_enum_forward_declarations
    Feature record: CXX_FEATURE:1cxx_explicit_conversions
    Feature record: CXX_FEATURE:1cxx_extended_friend_declarations
    Feature record: CXX_FEATURE:1cxx_extern_templates
    Feature record: CXX_FEATURE:1cxx_final
    Feature record: CXX_FEATURE:1cxx_func_identifier
    Feature record: CXX_FEATURE:1cxx_generalized_initializers
    Feature record: CXX_FEATURE:0cxx_generic_lambdas
    Feature record: CXX_FEATURE:1cxx_inheriting_constructors
    Feature record: CXX_FEATURE:1cxx_inline_namespaces
    Feature record: CXX_FEATURE:1cxx_lambdas
    Feature record: CXX_FEATURE:0cxx_lambda_init_captures
    Feature record: CXX_FEATURE:1cxx_local_type_template_args
    Feature record: CXX_FEATURE:1cxx_long_long_type
    Feature record: CXX_FEATURE:1cxx_noexcept
    Feature record: CXX_FEATURE:1cxx_nonstatic_member_init
    Feature record: CXX_FEATURE:1cxx_nullptr
    Feature record: CXX_FEATURE:1cxx_override
    Feature record: CXX_FEATURE:1cxx_range_for
    Feature record: CXX_FEATURE:1cxx_raw_string_literals
    Feature record: CXX_FEATURE:1cxx_reference_qualified_functions
    Feature record: CXX_FEATURE:0cxx_relaxed_constexpr
    Feature record: CXX_FEATURE:0cxx_return_type_deduction
    Feature record: CXX_FEATURE:1cxx_right_angle_brackets
    Feature record: CXX_FEATURE:1cxx_rvalue_references
    Feature record: CXX_FEATURE:1cxx_sizeof_member
    Feature record: CXX_FEATURE:1cxx_static_assert
    Feature record: CXX_FEATURE:1cxx_strong_enums
    Feature record: CXX_FEATURE:1cxx_template_template_parameters
    Feature record: CXX_FEATURE:1cxx_thread_local
    Feature record: CXX_FEATURE:1cxx_trailing_return_types
    Feature record: CXX_FEATURE:1cxx_unicode_literals
    Feature record: CXX_FEATURE:1cxx_uniform_initialization
    Feature record: CXX_FEATURE:1cxx_unrestricted_unions
    Feature record: CXX_FEATURE:1cxx_user_literals
    Feature record: CXX_FEATURE:0cxx_variable_templates
    Feature record: CXX_FEATURE:1cxx_variadic_macros
    Feature record: CXX_FEATURE:1cxx_variadic_templates


Detecting CXX [-std=c++98] compiler features compiled with the following output:
Change Dir: /root/RS/build/CMakeFiles/CMakeTmp

Run Build Command:"/usr/bin/make" "cmTC_57281/fast"
/usr/bin/make -f CMakeFiles/cmTC_57281.dir/build.make CMakeFiles/cmTC_57281.dir/build
make[1]: Entering directory '/root/RS/build/CMakeFiles/CMakeTmp'
Building CXX object CMakeFiles/cmTC_57281.dir/feature_tests.cxx.o
/bin/g++-10    -std=c++98 -o CMakeFiles/cmTC_57281.dir/feature_tests.cxx.o -c /root/RS/build/CMakeFiles/feature_tests.cxx
Linking CXX executable cmTC_57281
/usr/bin/cmake -E cmake_link_script CMakeFiles/cmTC_57281.dir/link.txt --verbose=1
/bin/g++-10       -rdynamic CMakeFiles/cmTC_57281.dir/feature_tests.cxx.o  -o cmTC_57281 
make[1]: Leaving directory '/root/RS/build/CMakeFiles/CMakeTmp'


    Feature record: CXX_FEATURE:0cxx_aggregate_default_initializers
    Feature record: CXX_FEATURE:0cxx_alias_templates
    Feature record: CXX_FEATURE:0cxx_alignas
    Feature record: CXX_FEATURE:0cxx_alignof
    Feature record: CXX_FEATURE:0cxx_attributes
    Feature record: CXX_FEATURE:0cxx_attribute_deprecated
    Feature record: CXX_FEATURE:0cxx_auto_type
    Feature record: CXX_FEATURE:0cxx_binary_literals
    Feature record: CXX_FEATURE:0cxx_constexpr
    Feature record: CXX_FEATURE:0cxx_contextual_conversions
    Feature record: CXX_FEATURE:0cxx_decltype
    Feature record: CXX_FEATURE:0cxx_decltype_auto
    Feature record: CXX_FEATURE:0cxx_decltype_incomplete_return_types
    Feature record: CXX_FEATURE:0cxx_default_function_template_args
    Feature record: CXX_FEATURE:0cxx_defaulted_functions
    Feature record: CXX_FEATURE:0cxx_defaulted_move_initializers
    Feature record: CXX_FEATURE:0cxx_delegating_constructors
    Feature record: CXX_FEATURE:0cxx_deleted_functions
    Feature record: CXX_FEATURE:0cxx_digit_separators
    Feature record: CXX_FEATURE:0cxx_enum_forward_declarations
    Feature record: CXX_FEATURE:0cxx_explicit_conversions
    Feature record: CXX_FEATURE:0cxx_extended_friend_declarations
    Feature record: CXX_FEATURE:0cxx_extern_templates
    Feature record: CXX_FEATURE:0cxx_final
    Feature record: CXX_FEATURE:0cxx_func_identifier
    Feature record: CXX_FEATURE:0cxx_generalized_initializers
    Feature record: CXX_FEATURE:0cxx_generic_lambdas
    Feature record: CXX_FEATURE:0cxx_inheriting_constructors
    Feature record: CXX_FEATURE:0cxx_inline_namespaces
    Feature record: CXX_FEATURE:0cxx_lambdas
    Feature record: CXX_FEATURE:0cxx_lambda_init_captures
    Feature record: CXX_FEATURE:0cxx_local_type_template_args
    Feature record: CXX_FEATURE:0cxx_long_long_type
    Feature record: CXX_FEATURE:0cxx_noexcept
    Feature record: CXX_FEATURE:0cxx_nonstatic_member_init
    Feature record: CXX_FEATURE:0cxx_nullptr
    Feature record: CXX_FEATURE:0cxx_override
    Feature record: CXX_FEATURE:0cxx_range_for
    Feature record: CXX_FEATURE:0cxx_raw_string_literals
    Feature record: CXX_FEATURE:0cxx_reference_qualified_functions
    Feature record: CXX_FEATURE:0cxx_relaxed_constexpr
    Feature record: CXX_FEATURE:0cxx_return_type_deduction
    Feature record: CXX_FEATURE:0cxx_right_angle_brackets
    Feature record: CXX_FEATURE:0cxx_rvalue_references
    Feature record: CXX_FEATURE:0cxx_sizeof_member
    Feature record: CXX_FEATURE:0cxx_static_assert
    Feature record: CXX_FEATURE:0cxx_strong_enums
    Feature record: CXX_FEATURE:1cxx_template_template_parameters
    Feature record: CXX_FEATURE:0cxx_thread_local
    Feature record: CXX_FEATURE:0cxx_trailing_return_types
    Feature record: CXX_FEATURE:0cxx_unicode_literals
    Feature record: CXX_FEATURE:0cxx_uniform_initialization
    Feature record: CXX_FEATURE:0cxx_unrestricted_unions
    Feature record: CXX_FEATURE:0cxx_user_literals
    Feature record: CXX_FEATURE:0cxx_variable_templates
    Feature record: CXX_FEATURE:0cxx_variadic_macros
    Feature record: CXX_FEATURE:0cxx_variadic_templates
The system is: Linux - 4.15.0-144-generic - x86_64
Compiling the C compiler identification source file "CMakeCCompilerId.c" succeeded.
Compiler: /bin/gcc-10 
Build flags: 
Id flags:  

The output was:
0


Compilation of the C compiler identification source "CMakeCCompilerId.c" produced "a.out"

The C compiler identification is GNU, found in "/root/RS/build/CMakeFiles/3.21.0-rc2/CompilerIdC/a.out"

Compiling the CXX compiler identification source file "CMakeCXXCompilerId.cpp" succeeded.
Compiler: /bin/g++-10 
Build flags: 
Id flags:  

The output was:
0


Compilation of the CXX compiler identification source "CMakeCXXCompilerId.cpp" produced "a.out"

The CXX compiler identification is GNU, found in "/root/RS/build/CMakeFiles/3.21.0-rc2/CompilerIdCXX/a.out"

Detecting C compiler ABI info compiled with the following output:
Change Dir: /root/RS/build/CMakeFiles/CMakeTmp

Run Build Command(s):/usr/bin/make -f Makefile cmTC_a45af/fast && /usr/bin/make  -f CMakeFiles/cmTC_a45af.dir/build.make CMakeFiles/cmTC_a45af.dir/build
make[1]: Entering directory '/root/RS/build/CMakeFiles/CMakeTmp'
Building C object CMakeFiles/cmTC_a45af.dir/CMakeCCompilerABI.c.o
/bin/gcc-10   -v -o CMakeFiles/cmTC_a45af.dir/CMakeCCompilerABI.c.o -c /opt/cmake-3.21/share/cmake-3.21/Modules/CMakeCCompilerABI.c
Using built-in specs.
COLLECT_GCC=/bin/gcc-10
Target: x86_64-pc-linux-gnu
Configured with: ./configure --prefix=/root/local/gcc --enable-bootstrap --enable-checking=release --enable-languages=c,c++ --disable-multilib
Thread model: posix
Supported LTO compression algorithms: zlib
gcc version 10.3.0 (GCC) 
COLLECT_GCC_OPTIONS='-v' '-o' 'CMakeFiles/cmTC_a45af.dir/CMakeCCompilerABI.c.o' '-c' '-mtune=generic' '-march=x86-64'
 /opt/gcc/bin/../libexec/gcc/x86_64-pc-linux-gnu/10.3.0/cc1 -quiet -v -imultiarch x86_64-linux-gnu -iprefix /opt/gcc/bin/../lib/gcc/x86_64-pc-linux-gnu/10.3.0/ /opt/cmake-3.21/share/cmake-3.21/Modules/CMakeCCompilerABI.c -quiet -dumpbase CMakeCCompilerABI.c -mtune=generic -march=x86-64 -auxbase-strip CMakeFiles/cmTC_a45af.dir/CMakeCCompilerABI.c.o -version -o /tmp/cc0ApuNp.s
GNU C17 (GCC) version 10.3.0 (x86_64-pc-linux-gnu)
	compiled by GNU C version 10.3.0, GMP version 6.1.0, MPFR version 3.1.4, MPC version 1.0.3, isl version isl-0.18-GMP

GGC heuristics: --param ggc-min-expand=100 --param ggc-min-heapsize=131072
ignoring nonexistent directory "/opt/gcc/bin/../lib/gcc/x86_64-pc-linux-gnu/10.3.0/../../../../x86_64-pc-linux-gnu/include"
ignoring duplicate directory "/opt/gcc/bin/../lib/gcc/../../lib/gcc/x86_64-pc-linux-gnu/10.3.0/include"
ignoring nonexistent directory "/usr/local/include/x86_64-linux-gnu"
ignoring duplicate directory "/opt/gcc/bin/../lib/gcc/../../lib/gcc/x86_64-pc-linux-gnu/10.3.0/include-fixed"
ignoring nonexistent directory "/opt/gcc/bin/../lib/gcc/../../lib/gcc/x86_64-pc-linux-gnu/10.3.0/../../../../x86_64-pc-linux-gnu/include"
#include "..." search starts here:
#include <...> search starts here:
 /opt/gcc/bin/../lib/gcc/x86_64-pc-linux-gnu/10.3.0/include
 /opt/gcc/bin/../lib/gcc/x86_64-pc-linux-gnu/10.3.0/include-fixed
 /usr/local/include
 /opt/gcc/bin/../lib/gcc/../../include
 /usr/include/x86_64-linux-gnu
 /usr/include
End of search list.
GNU C17 (GCC) version 10.3.0 (x86_64-pc-linux-gnu)
	compiled by GNU C version 10.3.0, GMP version 6.1.0, MPFR version 3.1.4, MPC version 1.0.3, isl version isl-0.18-GMP

GGC heuristics: --param ggc-min-expand=100 --param ggc-min-heapsize=131072
Compiler executable checksum: 006bfc495ea0942cd652323784e0c230
COLLECT_GCC_OPTIONS='-v' '-o' 'CMakeFiles/cmTC_a45af.dir/CMakeCCompilerABI.c.o' '-c' '-mtune=generic' '-march=x86-64'
 as -v --64 -o CMakeFiles/cmTC_a45af.dir/CMakeCCompilerABI.c.o /tmp/cc0ApuNp.s
GNU assembler version 2.30 (x86_64-linux-gnu) using BFD version (GNU Binutils for Ubuntu) 2.30
COMPILER_PATH=/opt/gcc/bin/../libexec/gcc/x86_64-pc-linux-gnu/10.3.0/:/opt/gcc/bin/../libexec/gcc/
LIBRARY_PATH=/opt/gcc/bin/../lib/gcc/x86_64-pc-linux-gnu/10.3.0/:/opt/gcc/bin/../lib/gcc/:/opt/gcc/bin/../lib/gcc/x86_64-pc-linux-gnu/10.3.0/../../../../lib64/:/lib/x86_64-linux-gnu/:/lib/../lib64/:/usr/lib/x86_64-linux-gnu/:/opt/gcc/bin/../lib/gcc/x86_64-pc-linux-gnu/10.3.0/../../../:/lib/:/usr/lib/
COLLECT_GCC_OPTIONS='-v' '-o' 'CMakeFiles/cmTC_a45af.dir/CMakeCCompilerABI.c.o' '-c' '-mtune=generic' '-march=x86-64'
Linking C executable cmTC_a45af
/opt/cmake-3.21/bin/cmake -E cmake_link_script CMakeFiles/cmTC_a45af.dir/link.txt --verbose=1
/bin/gcc-10  -v CMakeFiles/cmTC_a45af.dir/CMakeCCompilerABI.c.o -o cmTC_a45af 
Using built-in specs.
COLLECT_GCC=/bin/gcc-10
COLLECT_LTO_WRAPPER=/opt/gcc/bin/../libexec/gcc/x86_64-pc-linux-gnu/10.3.0/lto-wrapper
Target: x86_64-pc-linux-gnu
Configured with: ./configure --prefix=/root/local/gcc --enable-bootstrap --enable-checking=release --enable-languages=c,c++ --disable-multilib
Thread model: posix
Supported LTO compression algorithms: zlib
gcc version 10.3.0 (GCC) 
COMPILER_PATH=/opt/gcc/bin/../libexec/gcc/x86_64-pc-linux-gnu/10.3.0/:/opt/gcc/bin/../libexec/gcc/
LIBRARY_PATH=/opt/gcc/bin/../lib/gcc/x86_64-pc-linux-gnu/10.3.0/:/opt/gcc/bin/../lib/gcc/:/opt/gcc/bin/../lib/gcc/x86_64-pc-linux-gnu/10.3.0/../../../../lib64/:/lib/x86_64-linux-gnu/:/lib/../lib64/:/usr/lib/x86_64-linux-gnu/:/opt/gcc/bin/../lib/gcc/x86_64-pc-linux-gnu/10.3.0/../../../:/lib/:/usr/lib/
COLLECT_GCC_OPTIONS='-v' '-o' 'cmTC_a45af' '-mtune=generic' '-march=x86-64'
 /opt/gcc/bin/../libexec/gcc/x86_64-pc-linux-gnu/10.3.0/collect2 -plugin /opt/gcc/bin/../libexec/gcc/x86_64-pc-linux-gnu/10.3.0/liblto_plugin.so -plugin-opt=/opt/gcc/bin/../libexec/gcc/x86_64-pc-linux-gnu/10.3.0/lto-wrapper -plugin-opt=-fresolution=/tmp/ccwkooxs.res -plugin-opt=-pass-through=-lgcc -plugin-opt=-pass-through=-lgcc_s -plugin-opt=-pass-through=-lc -plugin-opt=-pass-through=-lgcc -plugin-opt=-pass-through=-lgcc_s --eh-frame-hdr -m elf_x86_64 -dynamic-linker /lib64/ld-linux-x86-64.so.2 -o cmTC_a45af /usr/lib/x86_64-linux-gnu/crt1.o /usr/lib/x86_64-linux-gnu/crti.o /opt/gcc/bin/../lib/gcc/x86_64-pc-linux-gnu/10.3.0/crtbegin.o -L/opt/gcc/bin/../lib/gcc/x86_64-pc-linux-gnu/10.3.0 -L/opt/gcc/bin/../lib/gcc -L/opt/gcc/bin/../lib/gcc/x86_64-pc-linux-gnu/10.3.0/../../../../lib64 -L/lib/x86_64-linux-gnu -L/lib/../lib64 -L/usr/lib/x86_64-linux-gnu -L/opt/gcc/bin/../lib/gcc/x86_64-pc-linux-gnu/10.3.0/../../.. CMakeFiles/cmTC_a45af.dir/CMakeCCompilerABI.c.o -lgcc --push-state --as-needed -lgcc_s --pop-state -lc -lgcc --push-state --as-needed -lgcc_s --pop-state /opt/gcc/bin/../lib/gcc/x86_64-pc-linux-gnu/10.3.0/crtend.o /usr/lib/x86_64-linux-gnu/crtn.o
COLLECT_GCC_OPTIONS='-v' '-o' 'cmTC_a45af' '-mtune=generic' '-march=x86-64'
make[1]: Leaving directory '/root/RS/build/CMakeFiles/CMakeTmp'



Parsed C implicit include dir info from above output: rv=done
  found start of include info
  found start of implicit include info
    add: [/opt/gcc/bin/../lib/gcc/x86_64-pc-linux-gnu/10.3.0/include]
    add: [/opt/gcc/bin/../lib/gcc/x86_64-pc-linux-gnu/10.3.0/include-fixed]
    add: [/usr/local/include]
    add: [/opt/gcc/bin/../lib/gcc/../../include]
    add: [/usr/include/x86_64-linux-gnu]
    add: [/usr/include]
  end of search list found
  collapse include dir [/opt/gcc/bin/../lib/gcc/x86_64-pc-linux-gnu/10.3.0/include] ==> [/opt/gcc/lib/gcc/x86_64-pc-linux-gnu/10.3.0/include]
  collapse include dir [/opt/gcc/bin/../lib/gcc/x86_64-pc-linux-gnu/10.3.0/include-fixed] ==> [/opt/gcc/lib/gcc/x86_64-pc-linux-gnu/10.3.0/include-fixed]
  collapse include dir [/usr/local/include] ==> [/usr/local/include]
  collapse include dir [/opt/gcc/bin/../lib/gcc/../../include] ==> [/opt/gcc/include]
  collapse include dir [/usr/include/x86_64-linux-gnu] ==> [/usr/include/x86_64-linux-gnu]
  collapse include dir [/usr/include] ==> [/usr/include]
  implicit include dirs: [/opt/gcc/lib/gcc/x86_64-pc-linux-gnu/10.3.0/include;/opt/gcc/lib/gcc/x86_64-pc-linux-gnu/10.3.0/include-fixed;/usr/local/include;/opt/gcc/include;/usr/include/x86_64-linux-gnu;/usr/include]


Parsed C implicit link information from above output:
  link line regex: [^( *|.*[/\])(ld|CMAKE_LINK_STARTFILE-NOTFOUND|([^/\]+-)?ld|collect2)[^/\]*( |$)]
  ignore line: [Change Dir: /root/RS/build/CMakeFiles/CMakeTmp]
  ignore line: []
  ignore line: [Run Build Command(s):/usr/bin/make -f Makefile cmTC_a45af/fast && /usr/bin/make  -f CMakeFiles/cmTC_a45af.dir/build.make CMakeFiles/cmTC_a45af.dir/build]
  ignore line: [make[1]: Entering directory '/root/RS/build/CMakeFiles/CMakeTmp']
  ignore line: [Building C object CMakeFiles/cmTC_a45af.dir/CMakeCCompilerABI.c.o]
  ignore line: [/bin/gcc-10   -v -o CMakeFiles/cmTC_a45af.dir/CMakeCCompilerABI.c.o -c /opt/cmake-3.21/share/cmake-3.21/Modules/CMakeCCompilerABI.c]
  ignore line: [Using built-in specs.]
  ignore line: [COLLECT_GCC=/bin/gcc-10]
  ignore line: [Target: x86_64-pc-linux-gnu]
  ignore line: [Configured with: ./configure --prefix=/root/local/gcc --enable-bootstrap --enable-checking=release --enable-languages=c c++ --disable-multilib]
  ignore line: [Thread model: posix]
  ignore line: [Supported LTO compression algorithms: zlib]
  ignore line: [gcc version 10.3.0 (GCC) ]
  ignore line: [COLLECT_GCC_OPTIONS='-v' '-o' 'CMakeFiles/cmTC_a45af.dir/CMakeCCompilerABI.c.o' '-c' '-mtune=generic' '-march=x86-64']
  ignore line: [ /opt/gcc/bin/../libexec/gcc/x86_64-pc-linux-gnu/10.3.0/cc1 -quiet -v -imultiarch x86_64-linux-gnu -iprefix /opt/gcc/bin/../lib/gcc/x86_64-pc-linux-gnu/10.3.0/ /opt/cmake-3.21/share/cmake-3.21/Modules/CMakeCCompilerABI.c -quiet -dumpbase CMakeCCompilerABI.c -mtune=generic -march=x86-64 -auxbase-strip CMakeFiles/cmTC_a45af.dir/CMakeCCompilerABI.c.o -version -o /tmp/cc0ApuNp.s]
  ignore line: [GNU C17 (GCC) version 10.3.0 (x86_64-pc-linux-gnu)]
  ignore line: [	compiled by GNU C version 10.3.0  GMP version 6.1.0  MPFR version 3.1.4  MPC version 1.0.3  isl version isl-0.18-GMP]
  ignore line: []
  ignore line: [GGC heuristics: --param ggc-min-expand=100 --param ggc-min-heapsize=131072]
  ignore line: [ignoring nonexistent directory "/opt/gcc/bin/../lib/gcc/x86_64-pc-linux-gnu/10.3.0/../../../../x86_64-pc-linux-gnu/include"]
  ignore line: [ignoring duplicate directory "/opt/gcc/bin/../lib/gcc/../../lib/gcc/x86_64-pc-linux-gnu/10.3.0/include"]
  ignore line: [ignoring nonexistent directory "/usr/local/include/x86_64-linux-gnu"]
  ignore line: [ignoring duplicate directory "/opt/gcc/bin/../lib/gcc/../../lib/gcc/x86_64-pc-linux-gnu/10.3.0/include-fixed"]
  ignore line: [ignoring nonexistent directory "/opt/gcc/bin/../lib/gcc/../../lib/gcc/x86_64-pc-linux-gnu/10.3.0/../../../../x86_64-pc-linux-gnu/include"]
  ignore line: [#include "..." search starts here:]
  ignore line: [#include <...> search starts here:]
  ignore line: [ /opt/gcc/bin/../lib/gcc/x86_64-pc-linux-gnu/10.3.0/include]
  ignore line: [ /opt/gcc/bin/../lib/gcc/x86_64-pc-linux-gnu/10.3.0/include-fixed]
  ignore line: [ /usr/local/include]
  ignore line: [ /opt/gcc/bin/../lib/gcc/../../include]
  ignore line: [ /usr/include/x86_64-linux-gnu]
  ignore line: [ /usr/include]
  ignore line: [End of search list.]
  ignore line: [GNU C17 (GCC) version 10.3.0 (x86_64-pc-linux-gnu)]
  ignore line: [	compiled by GNU C version 10.3.0  GMP version 6.1.0  MPFR version 3.1.4  MPC version 1.0.3  isl version isl-0.18-GMP]
  ignore line: []
  ignore line: [GGC heuristics: --param ggc-min-expand=100 --param ggc-min-heapsize=131072]
  ignore line: [Compiler executable checksum: 006bfc495ea0942cd652323784e0c230]
  ignore line: [COLLECT_GCC_OPTIONS='-v' '-o' 'CMakeFiles/cmTC_a45af.dir/CMakeCCompilerABI.c.o' '-c' '-mtune=generic' '-march=x86-64']
  ignore line: [ as -v --64 -o CMakeFiles/cmTC_a45af.dir/CMakeCCompilerABI.c.o /tmp/cc0ApuNp.s]
  ignore line: [GNU assembler version 2.30 (x86_64-linux-gnu) using BFD version (GNU Binutils for Ubuntu) 2.30]
  ignore line: [COMPILER_PATH=/opt/gcc/bin/../libexec/gcc/x86_64-pc-linux-gnu/10.3.0/:/opt/gcc/bin/../libexec/gcc/]
  ignore line: [LIBRARY_PATH=/opt/gcc/bin/../lib/gcc/x86_64-pc-linux-gnu/10.3.0/:/opt/gcc/bin/../lib/gcc/:/opt/gcc/bin/../lib/gcc/x86_64-pc-linux-gnu/10.3.0/../../../../lib64/:/lib/x86_64-linux-gnu/:/lib/../lib64/:/usr/lib/x86_64-linux-gnu/:/opt/gcc/bin/../lib/gcc/x86_64-pc-linux-gnu/10.3.0/../../../:/lib/:/usr/lib/]
  ignore line: [COLLECT_GCC_OPTIONS='-v' '-o' 'CMakeFiles/cmTC_a45af.dir/CMakeCCompilerABI.c.o' '-c' '-mtune=generic' '-march=x86-64']
  ignore line: [Linking C executable cmTC_a45af]
  ignore line: [/opt/cmake-3.21/bin/cmake -E cmake_link_script CMakeFiles/cmTC_a45af.dir/link.txt --verbose=1]
  ignore line: [/bin/gcc-10  -v CMakeFiles/cmTC_a45af.dir/CMakeCCompilerABI.c.o -o cmTC_a45af ]
  ignore line: [Using built-in specs.]
  ignore line: [COLLECT_GCC=/bin/gcc-10]
  ignore line: [COLLECT_LTO_WRAPPER=/opt/gcc/bin/../libexec/gcc/x86_64-pc-linux-gnu/10.3.0/lto-wrapper]
  ignore line: [Target: x86_64-pc-linux-gnu]
  ignore line: [Configured with: ./configure --prefix=/root/local/gcc --enable-bootstrap --enable-checking=release --enable-languages=c c++ --disable-multilib]
  ignore line: [Thread model: posix]
  ignore line: [Supported LTO compression algorithms: zlib]
  ignore line: [gcc version 10.3.0 (GCC) ]
  ignore line: [COMPILER_PATH=/opt/gcc/bin/../libexec/gcc/x86_64-pc-linux-gnu/10.3.0/:/opt/gcc/bin/../libexec/gcc/]
  ignore line: [LIBRARY_PATH=/opt/gcc/bin/../lib/gcc/x86_64-pc-linux-gnu/10.3.0/:/opt/gcc/bin/../lib/gcc/:/opt/gcc/bin/../lib/gcc/x86_64-pc-linux-gnu/10.3.0/../../../../lib64/:/lib/x86_64-linux-gnu/:/lib/../lib64/:/usr/lib/x86_64-linux-gnu/:/opt/gcc/bin/../lib/gcc/x86_64-pc-linux-gnu/10.3.0/../../../:/lib/:/usr/lib/]
  ignore line: [COLLECT_GCC_OPTIONS='-v' '-o' 'cmTC_a45af' '-mtune=generic' '-march=x86-64']
  link line: [ /opt/gcc/bin/../libexec/gcc/x86_64-pc-linux-gnu/10.3.0/collect2 -plugin /opt/gcc/bin/../libexec/gcc/x86_64-pc-linux-gnu/10.3.0/liblto_plugin.so -plugin-opt=/opt/gcc/bin/../libexec/gcc/x86_64-pc-linux-gnu/10.3.0/lto-wrapper -plugin-opt=-fresolution=/tmp/ccwkooxs.res -plugin-opt=-pass-through=-lgcc -plugin-opt=-pass-through=-lgcc_s -plugin-opt=-pass-through=-lc -plugin-opt=-pass-through=-lgcc -plugin-opt=-pass-through=-lgcc_s --eh-frame-hdr -m elf_x86_64 -dynamic-linker /lib64/ld-linux-x86-64.so.2 -o cmTC_a45af /usr/lib/x86_64-linux-gnu/crt1.o /usr/lib/x86_64-linux-gnu/crti.o /opt/gcc/bin/../lib/gcc/x86_64-pc-linux-gnu/10.3.0/crtbegin.o -L/opt/gcc/bin/../lib/gcc/x86_64-pc-linux-gnu/10.3.0 -L/opt/gcc/bin/../lib/gcc -L/opt/gcc/bin/../lib/gcc/x86_64-pc-linux-gnu/10.3.0/../../../../lib64 -L/lib/x86_64-linux-gnu -L/lib/../lib64 -L/usr/lib/x86_64-linux-gnu -L/opt/gcc/bin/../lib/gcc/x86_64-pc-linux-gnu/10.3.0/../../.. CMakeFiles/cmTC_a45af.dir/CMakeCCompilerABI.c.o -lgcc --push-state --as-needed -lgcc_s --pop-state -lc -lgcc --push-state --as-needed -lgcc_s --pop-state /opt/gcc/bin/../lib/gcc/x86_64-pc-linux-gnu/10.3.0/crtend.o /usr/lib/x86_64-linux-gnu/crtn.o]
    arg [/opt/gcc/bin/../libexec/gcc/x86_64-pc-linux-gnu/10.3.0/collect2] ==> ignore
    arg [-plugin] ==> ignore
    arg [/opt/gcc/bin/../libexec/gcc/x86_64-pc-linux-gnu/10.3.0/liblto_plugin.so] ==> ignore
    arg [-plugin-opt=/opt/gcc/bin/../libexec/gcc/x86_64-pc-linux-gnu/10.3.0/lto-wrapper] ==> ignore
    arg [-plugin-opt=-fresolution=/tmp/ccwkooxs.res] ==> ignore
    arg [-plugin-opt=-pass-through=-lgcc] ==> ignore
    arg [-plugin-opt=-pass-through=-lgcc_s] ==> ignore
    arg [-plugin-opt=-pass-through=-lc] ==> ignore
    arg [-plugin-opt=-pass-through=-lgcc] ==> ignore
    arg [-plugin-opt=-pass-through=-lgcc_s] ==> ignore
    arg [--eh-frame-hdr] ==> ignore
    arg [-m] ==> ignore
    arg [elf_x86_64] ==> ignore
    arg [-dynamic-linker] ==> ignore
    arg [/lib64/ld-linux-x86-64.so.2] ==> ignore
    arg [-o] ==> ignore
    arg [cmTC_a45af] ==> ignore
    arg [/usr/lib/x86_64-linux-gnu/crt1.o] ==> obj [/usr/lib/x86_64-linux-gnu/crt1.o]
    arg [/usr/lib/x86_64-linux-gnu/crti.o] ==> obj [/usr/lib/x86_64-linux-gnu/crti.o]
    arg [/opt/gcc/bin/../lib/gcc/x86_64-pc-linux-gnu/10.3.0/crtbegin.o] ==> obj [/opt/gcc/bin/../lib/gcc/x86_64-pc-linux-gnu/10.3.0/crtbegin.o]
    arg [-L/opt/gcc/bin/../lib/gcc/x86_64-pc-linux-gnu/10.3.0] ==> dir [/opt/gcc/bin/../lib/gcc/x86_64-pc-linux-gnu/10.3.0]
    arg [-L/opt/gcc/bin/../lib/gcc] ==> dir [/opt/gcc/bin/../lib/gcc]
    arg [-L/opt/gcc/bin/../lib/gcc/x86_64-pc-linux-gnu/10.3.0/../../../../lib64] ==> dir [/opt/gcc/bin/../lib/gcc/x86_64-pc-linux-gnu/10.3.0/../../../../lib64]
    arg [-L/lib/x86_64-linux-gnu] ==> dir [/lib/x86_64-linux-gnu]
    arg [-L/lib/../lib64] ==> dir [/lib/../lib64]
    arg [-L/usr/lib/x86_64-linux-gnu] ==> dir [/usr/lib/x86_64-linux-gnu]
    arg [-L/opt/gcc/bin/../lib/gcc/x86_64-pc-linux-gnu/10.3.0/../../..] ==> dir [/opt/gcc/bin/../lib/gcc/x86_64-pc-linux-gnu/10.3.0/../../..]
    arg [CMakeFiles/cmTC_a45af.dir/CMakeCCompilerABI.c.o] ==> ignore
    arg [-lgcc] ==> lib [gcc]
    arg [--push-state] ==> ignore
    arg [--as-needed] ==> ignore
    arg [-lgcc_s] ==> lib [gcc_s]
    arg [--pop-state] ==> ignore
    arg [-lc] ==> lib [c]
    arg [-lgcc] ==> lib [gcc]
    arg [--push-state] ==> ignore
    arg [--as-needed] ==> ignore
    arg [-lgcc_s] ==> lib [gcc_s]
    arg [--pop-state] ==> ignore
    arg [/opt/gcc/bin/../lib/gcc/x86_64-pc-linux-gnu/10.3.0/crtend.o] ==> obj [/opt/gcc/bin/../lib/gcc/x86_64-pc-linux-gnu/10.3.0/crtend.o]
    arg [/usr/lib/x86_64-linux-gnu/crtn.o] ==> obj [/usr/lib/x86_64-linux-gnu/crtn.o]
  collapse obj [/opt/gcc/bin/../lib/gcc/x86_64-pc-linux-gnu/10.3.0/crtbegin.o] ==> [/opt/gcc/lib/gcc/x86_64-pc-linux-gnu/10.3.0/crtbegin.o]
  collapse obj [/opt/gcc/bin/../lib/gcc/x86_64-pc-linux-gnu/10.3.0/crtend.o] ==> [/opt/gcc/lib/gcc/x86_64-pc-linux-gnu/10.3.0/crtend.o]
  collapse library dir [/opt/gcc/bin/../lib/gcc/x86_64-pc-linux-gnu/10.3.0] ==> [/opt/gcc/lib/gcc/x86_64-pc-linux-gnu/10.3.0]
  collapse library dir [/opt/gcc/bin/../lib/gcc] ==> [/opt/gcc/lib/gcc]
  collapse library dir [/opt/gcc/bin/../lib/gcc/x86_64-pc-linux-gnu/10.3.0/../../../../lib64] ==> [/opt/gcc/lib64]
  collapse library dir [/lib/x86_64-linux-gnu] ==> [/lib/x86_64-linux-gnu]
  collapse library dir [/lib/../lib64] ==> [/lib64]
  collapse library dir [/usr/lib/x86_64-linux-gnu] ==> [/usr/lib/x86_64-linux-gnu]
  collapse library dir [/opt/gcc/bin/../lib/gcc/x86_64-pc-linux-gnu/10.3.0/../../..] ==> [/opt/gcc/lib]
  implicit libs: [gcc;gcc_s;c;gcc;gcc_s]
  implicit objs: [/usr/lib/x86_64-linux-gnu/crt1.o;/usr/lib/x86_64-linux-gnu/crti.o;/opt/gcc/lib/gcc/x86_64-pc-linux-gnu/10.3.0/crtbegin.o;/opt/gcc/lib/gcc/x86_64-pc-linux-gnu/10.3.0/crtend.o;/usr/lib/x86_64-linux-gnu/crtn.o]
  implicit dirs: [/opt/gcc/lib/gcc/x86_64-pc-linux-gnu/10.3.0;/opt/gcc/lib/gcc;/opt/gcc/lib64;/lib/x86_64-linux-gnu;/lib64;/usr/lib/x86_64-linux-gnu;/opt/gcc/lib]
  implicit fwks: []


Detecting CXX compiler ABI info compiled with the following output:
Change Dir: /root/RS/build/CMakeFiles/CMakeTmp

Run Build Command(s):/usr/bin/make -f Makefile cmTC_81dff/fast && /usr/bin/make  -f CMakeFiles/cmTC_81dff.dir/build.make CMakeFiles/cmTC_81dff.dir/build
make[1]: Entering directory '/root/RS/build/CMakeFiles/CMakeTmp'
Building CXX object CMakeFiles/cmTC_81dff.dir/CMakeCXXCompilerABI.cpp.o
/bin/g++-10   -v -o CMakeFiles/cmTC_81dff.dir/CMakeCXXCompilerABI.cpp.o -c /opt/cmake-3.21/share/cmake-3.21/Modules/CMakeCXXCompilerABI.cpp
Using built-in specs.
COLLECT_GCC=/bin/g++-10
Target: x86_64-pc-linux-gnu
Configured with: ./configure --prefix=/root/local/gcc --enable-bootstrap --enable-checking=release --enable-languages=c,c++ --disable-multilib
Thread model: posix
Supported LTO compression algorithms: zlib
gcc version 10.3.0 (GCC) 
COLLECT_GCC_OPTIONS='-v' '-o' 'CMakeFiles/cmTC_81dff.dir/CMakeCXXCompilerABI.cpp.o' '-c' '-shared-libgcc' '-mtune=generic' '-march=x86-64'
 /opt/gcc/bin/../libexec/gcc/x86_64-pc-linux-gnu/10.3.0/cc1plus -quiet -v -imultiarch x86_64-linux-gnu -iprefix /opt/gcc/bin/../lib/gcc/x86_64-pc-linux-gnu/10.3.0/ -D_GNU_SOURCE /opt/cmake-3.21/share/cmake-3.21/Modules/CMakeCXXCompilerABI.cpp -quiet -dumpbase CMakeCXXCompilerABI.cpp -mtune=generic -march=x86-64 -auxbase-strip CMakeFiles/cmTC_81dff.dir/CMakeCXXCompilerABI.cpp.o -version -o /tmp/ccWFSkpu.s
GNU C++14 (GCC) version 10.3.0 (x86_64-pc-linux-gnu)
	compiled by GNU C version 10.3.0, GMP version 6.1.0, MPFR version 3.1.4, MPC version 1.0.3, isl version isl-0.18-GMP

GGC heuristics: --param ggc-min-expand=100 --param ggc-min-heapsize=131072
ignoring nonexistent directory "/opt/gcc/bin/../lib/gcc/x86_64-pc-linux-gnu/10.3.0/../../../../x86_64-pc-linux-gnu/include"
ignoring duplicate directory "/opt/gcc/bin/../lib/gcc/../../lib/gcc/x86_64-pc-linux-gnu/10.3.0/../../../../include/c++/10.3.0"
ignoring duplicate directory "/opt/gcc/bin/../lib/gcc/../../lib/gcc/x86_64-pc-linux-gnu/10.3.0/../../../../include/c++/10.3.0/x86_64-pc-linux-gnu"
ignoring duplicate directory "/opt/gcc/bin/../lib/gcc/../../lib/gcc/x86_64-pc-linux-gnu/10.3.0/../../../../include/c++/10.3.0/backward"
ignoring duplicate directory "/opt/gcc/bin/../lib/gcc/../../lib/gcc/x86_64-pc-linux-gnu/10.3.0/include"
ignoring nonexistent directory "/usr/local/include/x86_64-linux-gnu"
ignoring duplicate directory "/opt/gcc/bin/../lib/gcc/../../lib/gcc/x86_64-pc-linux-gnu/10.3.0/include-fixed"
ignoring nonexistent directory "/opt/gcc/bin/../lib/gcc/../../lib/gcc/x86_64-pc-linux-gnu/10.3.0/../../../../x86_64-pc-linux-gnu/include"
#include "..." search starts here:
#include <...> search starts here:
 /opt/gcc/bin/../lib/gcc/x86_64-pc-linux-gnu/10.3.0/../../../../include/c++/10.3.0
 /opt/gcc/bin/../lib/gcc/x86_64-pc-linux-gnu/10.3.0/../../../../include/c++/10.3.0/x86_64-pc-linux-gnu
 /opt/gcc/bin/../lib/gcc/x86_64-pc-linux-gnu/10.3.0/../../../../include/c++/10.3.0/backward
 /opt/gcc/bin/../lib/gcc/x86_64-pc-linux-gnu/10.3.0/include
 /opt/gcc/bin/../lib/gcc/x86_64-pc-linux-gnu/10.3.0/include-fixed
 /usr/local/include
 /opt/gcc/bin/../lib/gcc/../../include
 /usr/include/x86_64-linux-gnu
 /usr/include
End of search list.
GNU C++14 (GCC) version 10.3.0 (x86_64-pc-linux-gnu)
	compiled by GNU C version 10.3.0, GMP version 6.1.0, MPFR version 3.1.4, MPC version 1.0.3, isl version isl-0.18-GMP

GGC heuristics: --param ggc-min-expand=100 --param ggc-min-heapsize=131072
Compiler executable checksum: e341e55bf88c3eba709f5fbc3d328717
COLLECT_GCC_OPTIONS='-v' '-o' 'CMakeFiles/cmTC_81dff.dir/CMakeCXXCompilerABI.cpp.o' '-c' '-shared-libgcc' '-mtune=generic' '-march=x86-64'
 as -v --64 -o CMakeFiles/cmTC_81dff.dir/CMakeCXXCompilerABI.cpp.o /tmp/ccWFSkpu.s
GNU assembler version 2.30 (x86_64-linux-gnu) using BFD version (GNU Binutils for Ubuntu) 2.30
COMPILER_PATH=/opt/gcc/bin/../libexec/gcc/x86_64-pc-linux-gnu/10.3.0/:/opt/gcc/bin/../libexec/gcc/
LIBRARY_PATH=/opt/gcc/bin/../lib/gcc/x86_64-pc-linux-gnu/10.3.0/:/opt/gcc/bin/../lib/gcc/:/opt/gcc/bin/../lib/gcc/x86_64-pc-linux-gnu/10.3.0/../../../../lib64/:/lib/x86_64-linux-gnu/:/lib/../lib64/:/usr/lib/x86_64-linux-gnu/:/opt/gcc/bin/../lib/gcc/x86_64-pc-linux-gnu/10.3.0/../../../:/lib/:/usr/lib/
COLLECT_GCC_OPTIONS='-v' '-o' 'CMakeFiles/cmTC_81dff.dir/CMakeCXXCompilerABI.cpp.o' '-c' '-shared-libgcc' '-mtune=generic' '-march=x86-64'
Linking CXX executable cmTC_81dff
/opt/cmake-3.21/bin/cmake -E cmake_link_script CMakeFiles/cmTC_81dff.dir/link.txt --verbose=1
/bin/g++-10  -v CMakeFiles/cmTC_81dff.dir/CMakeCXXCompilerABI.cpp.o -o cmTC_81dff 
Using built-in specs.
COLLECT_GCC=/bin/g++-10
COLLECT_LTO_WRAPPER=/opt/gcc/bin/../libexec/gcc/x86_64-pc-linux-gnu/10.3.0/lto-wrapper
Target: x86_64-pc-linux-gnu
Configured with: ./configure --prefix=/root/local/gcc --enable-bootstrap --enable-checking=release --enable-languages=c,c++ --disable-multilib
Thread model: posix
Supported LTO compression algorithms: zlib
gcc version 10.3.0 (GCC) 
COMPILER_PATH=/opt/gcc/bin/../libexec/gcc/x86_64-pc-linux-gnu/10.3.0/:/opt/gcc/bin/../libexec/gcc/
LIBRARY_PATH=/opt/gcc/bin/../lib/gcc/x86_64-pc-linux-gnu/10.3.0/:/opt/gcc/bin/../lib/gcc/:/opt/gcc/bin/../lib/gcc/x86_64-pc-linux-gnu/10.3.0/../../../../lib64/:/lib/x86_64-linux-gnu/:/lib/../lib64/:/usr/lib/x86_64-linux-gnu/:/opt/gcc/bin/../lib/gcc/x86_64-pc-linux-gnu/10.3.0/../../../:/lib/:/usr/lib/
COLLECT_GCC_OPTIONS='-v' '-o' 'cmTC_81dff' '-shared-libgcc' '-mtune=generic' '-march=x86-64'
 /opt/gcc/bin/../libexec/gcc/x86_64-pc-linux-gnu/10.3.0/collect2 -plugin /opt/gcc/bin/../libexec/gcc/x86_64-pc-linux-gnu/10.3.0/liblto_plugin.so -plugin-opt=/opt/gcc/bin/../libexec/gcc/x86_64-pc-linux-gnu/10.3.0/lto-wrapper -plugin-opt=-fresolution=/tmp/cc0QaZky.res -plugin-opt=-pass-through=-lgcc_s -plugin-opt=-pass-through=-lgcc -plugin-opt=-pass-through=-lc -plugin-opt=-pass-through=-lgcc_s -plugin-opt=-pass-through=-lgcc --eh-frame-hdr -m elf_x86_64 -dynamic-linker /lib64/ld-linux-x86-64.so.2 -o cmTC_81dff /usr/lib/x86_64-linux-gnu/crt1.o /usr/lib/x86_64-linux-gnu/crti.o /opt/gcc/bin/../lib/gcc/x86_64-pc-linux-gnu/10.3.0/crtbegin.o -L/opt/gcc/bin/../lib/gcc/x86_64-pc-linux-gnu/10.3.0 -L/opt/gcc/bin/../lib/gcc -L/opt/gcc/bin/../lib/gcc/x86_64-pc-linux-gnu/10.3.0/../../../../lib64 -L/lib/x86_64-linux-gnu -L/lib/../lib64 -L/usr/lib/x86_64-linux-gnu -L/opt/gcc/bin/../lib/gcc/x86_64-pc-linux-gnu/10.3.0/../../.. CMakeFiles/cmTC_81dff.dir/CMakeCXXCompilerABI.cpp.o -lstdc++ -lm -lgcc_s -lgcc -lc -lgcc_s -lgcc /opt/gcc/bin/../lib/gcc/x86_64-pc-linux-gnu/10.3.0/crtend.o /usr/lib/x86_64-linux-gnu/crtn.o
COLLECT_GCC_OPTIONS='-v' '-o' 'cmTC_81dff' '-shared-libgcc' '-mtune=generic' '-march=x86-64'
make[1]: Leaving directory '/root/RS/build/CMakeFiles/CMakeTmp'



Parsed CXX implicit include dir info from above output: rv=done
  found start of include info
  found start of implicit include info
    add: [/opt/gcc/bin/../lib/gcc/x86_64-pc-linux-gnu/10.3.0/../../../../include/c++/10.3.0]
    add: [/opt/gcc/bin/../lib/gcc/x86_64-pc-linux-gnu/10.3.0/../../../../include/c++/10.3.0/x86_64-pc-linux-gnu]
    add: [/opt/gcc/bin/../lib/gcc/x86_64-pc-linux-gnu/10.3.0/../../../../include/c++/10.3.0/backward]
    add: [/opt/gcc/bin/../lib/gcc/x86_64-pc-linux-gnu/10.3.0/include]
    add: [/opt/gcc/bin/../lib/gcc/x86_64-pc-linux-gnu/10.3.0/include-fixed]
    add: [/usr/local/include]
    add: [/opt/gcc/bin/../lib/gcc/../../include]
    add: [/usr/include/x86_64-linux-gnu]
    add: [/usr/include]
  end of search list found
  collapse include dir [/opt/gcc/bin/../lib/gcc/x86_64-pc-linux-gnu/10.3.0/../../../../include/c++/10.3.0] ==> [/opt/gcc/include/c++/10.3.0]
  collapse include dir [/opt/gcc/bin/../lib/gcc/x86_64-pc-linux-gnu/10.3.0/../../../../include/c++/10.3.0/x86_64-pc-linux-gnu] ==> [/opt/gcc/include/c++/10.3.0/x86_64-pc-linux-gnu]
  collapse include dir [/opt/gcc/bin/../lib/gcc/x86_64-pc-linux-gnu/10.3.0/../../../../include/c++/10.3.0/backward] ==> [/opt/gcc/include/c++/10.3.0/backward]
  collapse include dir [/opt/gcc/bin/../lib/gcc/x86_64-pc-linux-gnu/10.3.0/include] ==> [/opt/gcc/lib/gcc/x86_64-pc-linux-gnu/10.3.0/include]
  collapse include dir [/opt/gcc/bin/../lib/gcc/x86_64-pc-linux-gnu/10.3.0/include-fixed] ==> [/opt/gcc/lib/gcc/x86_64-pc-linux-gnu/10.3.0/include-fixed]
  collapse include dir [/usr/local/include] ==> [/usr/local/include]
  collapse include dir [/opt/gcc/bin/../lib/gcc/../../include] ==> [/opt/gcc/include]
  collapse include dir [/usr/include/x86_64-linux-gnu] ==> [/usr/include/x86_64-linux-gnu]
  collapse include dir [/usr/include] ==> [/usr/include]
  implicit include dirs: [/opt/gcc/include/c++/10.3.0;/opt/gcc/include/c++/10.3.0/x86_64-pc-linux-gnu;/opt/gcc/include/c++/10.3.0/backward;/opt/gcc/lib/gcc/x86_64-pc-linux-gnu/10.3.0/include;/opt/gcc/lib/gcc/x86_64-pc-linux-gnu/10.3.0/include-fixed;/usr/local/include;/opt/gcc/include;/usr/include/x86_64-linux-gnu;/usr/include]


Parsed CXX implicit link information from above output:
  link line regex: [^( *|.*[/\])(ld|CMAKE_LINK_STARTFILE-NOTFOUND|([^/\]+-)?ld|collect2)[^/\]*( |$)]
  ignore line: [Change Dir: /root/RS/build/CMakeFiles/CMakeTmp]
  ignore line: []
  ignore line: [Run Build Command(s):/usr/bin/make -f Makefile cmTC_81dff/fast && /usr/bin/make  -f CMakeFiles/cmTC_81dff.dir/build.make CMakeFiles/cmTC_81dff.dir/build]
  ignore line: [make[1]: Entering directory '/root/RS/build/CMakeFiles/CMakeTmp']
  ignore line: [Building CXX object CMakeFiles/cmTC_81dff.dir/CMakeCXXCompilerABI.cpp.o]
  ignore line: [/bin/g++-10   -v -o CMakeFiles/cmTC_81dff.dir/CMakeCXXCompilerABI.cpp.o -c /opt/cmake-3.21/share/cmake-3.21/Modules/CMakeCXXCompilerABI.cpp]
  ignore line: [Using built-in specs.]
  ignore line: [COLLECT_GCC=/bin/g++-10]
  ignore line: [Target: x86_64-pc-linux-gnu]
  ignore line: [Configured with: ./configure --prefix=/root/local/gcc --enable-bootstrap --enable-checking=release --enable-languages=c c++ --disable-multilib]
  ignore line: [Thread model: posix]
  ignore line: [Supported LTO compression algorithms: zlib]
  ignore line: [gcc version 10.3.0 (GCC) ]
  ignore line: [COLLECT_GCC_OPTIONS='-v' '-o' 'CMakeFiles/cmTC_81dff.dir/CMakeCXXCompilerABI.cpp.o' '-c' '-shared-libgcc' '-mtune=generic' '-march=x86-64']
  ignore line: [ /opt/gcc/bin/../libexec/gcc/x86_64-pc-linux-gnu/10.3.0/cc1plus -quiet -v -imultiarch x86_64-linux-gnu -iprefix /opt/gcc/bin/../lib/gcc/x86_64-pc-linux-gnu/10.3.0/ -D_GNU_SOURCE /opt/cmake-3.21/share/cmake-3.21/Modules/CMakeCXXCompilerABI.cpp -quiet -dumpbase CMakeCXXCompilerABI.cpp -mtune=generic -march=x86-64 -auxbase-strip CMakeFiles/cmTC_81dff.dir/CMakeCXXCompilerABI.cpp.o -version -o /tmp/ccWFSkpu.s]
  ignore line: [GNU C++14 (GCC) version 10.3.0 (x86_64-pc-linux-gnu)]
  ignore line: [	compiled by GNU C version 10.3.0  GMP version 6.1.0  MPFR version 3.1.4  MPC version 1.0.3  isl version isl-0.18-GMP]
  ignore line: []
  ignore line: [GGC heuristics: --param ggc-min-expand=100 --param ggc-min-heapsize=131072]
  ignore line: [ignoring nonexistent directory "/opt/gcc/bin/../lib/gcc/x86_64-pc-linux-gnu/10.3.0/../../../../x86_64-pc-linux-gnu/include"]
  ignore line: [ignoring duplicate directory "/opt/gcc/bin/../lib/gcc/../../lib/gcc/x86_64-pc-linux-gnu/10.3.0/../../../../include/c++/10.3.0"]
  ignore line: [ignoring duplicate directory "/opt/gcc/bin/../lib/gcc/../../lib/gcc/x86_64-pc-linux-gnu/10.3.0/../../../../include/c++/10.3.0/x86_64-pc-linux-gnu"]
  ignore line: [ignoring duplicate directory "/opt/gcc/bin/../lib/gcc/../../lib/gcc/x86_64-pc-linux-gnu/10.3.0/../../../../include/c++/10.3.0/backward"]
  ignore line: [ignoring duplicate directory "/opt/gcc/bin/../lib/gcc/../../lib/gcc/x86_64-pc-linux-gnu/10.3.0/include"]
  ignore line: [ignoring nonexistent directory "/usr/local/include/x86_64-linux-gnu"]
  ignore line: [ignoring duplicate directory "/opt/gcc/bin/../lib/gcc/../../lib/gcc/x86_64-pc-linux-gnu/10.3.0/include-fixed"]
  ignore line: [ignoring nonexistent directory "/opt/gcc/bin/../lib/gcc/../../lib/gcc/x86_64-pc-linux-gnu/10.3.0/../../../../x86_64-pc-linux-gnu/include"]
  ignore line: [#include "..." search starts here:]
  ignore line: [#include <...> search starts here:]
  ignore line: [ /opt/gcc/bin/../lib/gcc/x86_64-pc-linux-gnu/10.3.0/../../../../include/c++/10.3.0]
  ignore line: [ /opt/gcc/bin/../lib/gcc/x86_64-pc-linux-gnu/10.3.0/../../../../include/c++/10.3.0/x86_64-pc-linux-gnu]
  ignore line: [ /opt/gcc/bin/../lib/gcc/x86_64-pc-linux-gnu/10.3.0/../../../../include/c++/10.3.0/backward]
  ignore line: [ /opt/gcc/bin/../lib/gcc/x86_64-pc-linux-gnu/10.3.0/include]
  ignore line: [ /opt/gcc/bin/../lib/gcc/x86_64-pc-linux-gnu/10.3.0/include-fixed]
  ignore line: [ /usr/local/include]
  ignore line: [ /opt/gcc/bin/../lib/gcc/../../include]
  ignore line: [ /usr/include/x86_64-linux-gnu]
  ignore line: [ /usr/include]
  ignore line: [End of search list.]
  ignore line: [GNU C++14 (GCC) version 10.3.0 (x86_64-pc-linux-gnu)]
  ignore line: [	compiled by GNU C version 10.3.0  GMP version 6.1.0  MPFR version 3.1.4  MPC version 1.0.3  isl version isl-0.18-GMP]
  ignore line: []
  ignore line: [GGC heuristics: --param ggc-min-expand=100 --param ggc-min-heapsize=131072]
  ignore line: [Compiler executable checksum: e341e55bf88c3eba709f5fbc3d328717]
  ignore line: [COLLECT_GCC_OPTIONS='-v' '-o' 'CMakeFiles/cmTC_81dff.dir/CMakeCXXCompilerABI.cpp.o' '-c' '-shared-libgcc' '-mtune=generic' '-march=x86-64']
  ignore line: [ as -v --64 -o CMakeFiles/cmTC_81dff.dir/CMakeCXXCompilerABI.cpp.o /tmp/ccWFSkpu.s]
  ignore line: [GNU assembler version 2.30 (x86_64-linux-gnu) using BFD version (GNU Binutils for Ubuntu) 2.30]
  ignore line: [COMPILER_PATH=/opt/gcc/bin/../libexec/gcc/x86_64-pc-linux-gnu/10.3.0/:/opt/gcc/bin/../libexec/gcc/]
  ignore line: [LIBRARY_PATH=/opt/gcc/bin/../lib/gcc/x86_64-pc-linux-gnu/10.3.0/:/opt/gcc/bin/../lib/gcc/:/opt/gcc/bin/../lib/gcc/x86_64-pc-linux-gnu/10.3.0/../../../../lib64/:/lib/x86_64-linux-gnu/:/lib/../lib64/:/usr/lib/x86_64-linux-gnu/:/opt/gcc/bin/../lib/gcc/x86_64-pc-linux-gnu/10.3.0/../../../:/lib/:/usr/lib/]
  ignore line: [COLLECT_GCC_OPTIONS='-v' '-o' 'CMakeFiles/cmTC_81dff.dir/CMakeCXXCompilerABI.cpp.o' '-c' '-shared-libgcc' '-mtune=generic' '-march=x86-64']
  ignore line: [Linking CXX executable cmTC_81dff]
  ignore line: [/opt/cmake-3.21/bin/cmake -E cmake_link_script CMakeFiles/cmTC_81dff.dir/link.txt --verbose=1]
  ignore line: [/bin/g++-10  -v CMakeFiles/cmTC_81dff.dir/CMakeCXXCompilerABI.cpp.o -o cmTC_81dff ]
  ignore line: [Using built-in specs.]
  ignore line: [COLLECT_GCC=/bin/g++-10]
  ignore line: [COLLECT_LTO_WRAPPER=/opt/gcc/bin/../libexec/gcc/x86_64-pc-linux-gnu/10.3.0/lto-wrapper]
  ignore line: [Target: x86_64-pc-linux-gnu]
  ignore line: [Configured with: ./configure --prefix=/root/local/gcc --enable-bootstrap --enable-checking=release --enable-languages=c c++ --disable-multilib]
  ignore line: [Thread model: posix]
  ignore line: [Supported LTO compression algorithms: zlib]
  ignore line: [gcc version 10.3.0 (GCC) ]
  ignore line: [COMPILER_PATH=/opt/gcc/bin/../libexec/gcc/x86_64-pc-linux-gnu/10.3.0/:/opt/gcc/bin/../libexec/gcc/]
  ignore line: [LIBRARY_PATH=/opt/gcc/bin/../lib/gcc/x86_64-pc-linux-gnu/10.3.0/:/opt/gcc/bin/../lib/gcc/:/opt/gcc/bin/../lib/gcc/x86_64-pc-linux-gnu/10.3.0/../../../../lib64/:/lib/x86_64-linux-gnu/:/lib/../lib64/:/usr/lib/x86_64-linux-gnu/:/opt/gcc/bin/../lib/gcc/x86_64-pc-linux-gnu/10.3.0/../../../:/lib/:/usr/lib/]
  ignore line: [COLLECT_GCC_OPTIONS='-v' '-o' 'cmTC_81dff' '-shared-libgcc' '-mtune=generic' '-march=x86-64']
  link line: [ /opt/gcc/bin/../libexec/gcc/x86_64-pc-linux-gnu/10.3.0/collect2 -plugin /opt/gcc/bin/../libexec/gcc/x86_64-pc-linux-gnu/10.3.0/liblto_plugin.so -plugin-opt=/opt/gcc/bin/../libexec/gcc/x86_64-pc-linux-gnu/10.3.0/lto-wrapper -plugin-opt=-fresolution=/tmp/cc0QaZky.res -plugin-opt=-pass-through=-lgcc_s -plugin-opt=-pass-through=-lgcc -plugin-opt=-pass-through=-lc -plugin-opt=-pass-through=-lgcc_s -plugin-opt=-pass-through=-lgcc --eh-frame-hdr -m elf_x86_64 -dynamic-linker /lib64/ld-linux-x86-64.so.2 -o cmTC_81dff /usr/lib/x86_64-linux-gnu/crt1.o /usr/lib/x86_64-linux-gnu/crti.o /opt/gcc/bin/../lib/gcc/x86_64-pc-linux-gnu/10.3.0/crtbegin.o -L/opt/gcc/bin/../lib/gcc/x86_64-pc-linux-gnu/10.3.0 -L/opt/gcc/bin/../lib/gcc -L/opt/gcc/bin/../lib/gcc/x86_64-pc-linux-gnu/10.3.0/../../../../lib64 -L/lib/x86_64-linux-gnu -L/lib/../lib64 -L/usr/lib/x86_64-linux-gnu -L/opt/gcc/bin/../lib/gcc/x86_64-pc-linux-gnu/10.3.0/../../.. CMakeFiles/cmTC_81dff.dir/CMakeCXXCompilerABI.cpp.o -lstdc++ -lm -lgcc_s -lgcc -lc -lgcc_s -lgcc /opt/gcc/bin/../lib/gcc/x86_64-pc-linux-gnu/10.3.0/crtend.o /usr/lib/x86_64-linux-gnu/crtn.o]
    arg [/opt/gcc/bin/../libexec/gcc/x86_64-pc-linux-gnu/10.3.0/collect2] ==> ignore
    arg [-plugin] ==> ignore
    arg [/opt/gcc/bin/../libexec/gcc/x86_64-pc-linux-gnu/10.3.0/liblto_plugin.so] ==> ignore
    arg [-plugin-opt=/opt/gcc/bin/../libexec/gcc/x86_64-pc-linux-gnu/10.3.0/lto-wrapper] ==> ignore
    arg [-plugin-opt=-fresolution=/tmp/cc0QaZky.res] ==> ignore
    arg [-plugin-opt=-pass-through=-lgcc_s] ==> ignore
    arg [-plugin-opt=-pass-through=-lgcc] ==> ignore
    arg [-plugin-opt=-pass-through=-lc] ==> ignore
    arg [-plugin-opt=-pass-through=-lgcc_s] ==> ignore
    arg [-plugin-opt=-pass-through=-lgcc] ==> ignore
    arg [--eh-frame-hdr] ==> ignore
    arg [-m] ==> ignore
    arg [elf_x86_64] ==> ignore
    arg [-dynamic-linker] ==> ignore
    arg [/lib64/ld-linux-x86-64.so.2] ==> ignore
    arg [-o] ==> ignore
    arg [cmTC_81dff] ==> ignore
    arg [/usr/lib/x86_64-linux-gnu/crt1.o] ==> obj [/usr/lib/x86_64-linux-gnu/crt1.o]
    arg [/usr/lib/x86_64-linux-gnu/crti.o] ==> obj [/usr/lib/x86_64-linux-gnu/crti.o]
    arg [/opt/gcc/bin/../lib/gcc/x86_64-pc-linux-gnu/10.3.0/crtbegin.o] ==> obj [/opt/gcc/bin/../lib/gcc/x86_64-pc-linux-gnu/10.3.0/crtbegin.o]
    arg [-L/opt/gcc/bin/../lib/gcc/x86_64-pc-linux-gnu/10.3.0] ==> dir [/opt/gcc/bin/../lib/gcc/x86_64-pc-linux-gnu/10.3.0]
    arg [-L/opt/gcc/bin/../lib/gcc] ==> dir [/opt/gcc/bin/../lib/gcc]
    arg [-L/opt/gcc/bin/../lib/gcc/x86_64-pc-linux-gnu/10.3.0/../../../../lib64] ==> dir [/opt/gcc/bin/../lib/gcc/x86_64-pc-linux-gnu/10.3.0/../../../../lib64]
    arg [-L/lib/x86_64-linux-gnu] ==> dir [/lib/x86_64-linux-gnu]
    arg [-L/lib/../lib64] ==> dir [/lib/../lib64]
    arg [-L/usr/lib/x86_64-linux-gnu] ==> dir [/usr/lib/x86_64-linux-gnu]
    arg [-L/opt/gcc/bin/../lib/gcc/x86_64-pc-linux-gnu/10.3.0/../../..] ==> dir [/opt/gcc/bin/../lib/gcc/x86_64-pc-linux-gnu/10.3.0/../../..]
    arg [CMakeFiles/cmTC_81dff.dir/CMakeCXXCompilerABI.cpp.o] ==> ignore
    arg [-lstdc++] ==> lib [stdc++]
    arg [-lm] ==> lib [m]
    arg [-lgcc_s] ==> lib [gcc_s]
    arg [-lgcc] ==> lib [gcc]
    arg [-lc] ==> lib [c]
    arg [-lgcc_s] ==> lib [gcc_s]
    arg [-lgcc] ==> lib [gcc]
    arg [/opt/gcc/bin/../lib/gcc/x86_64-pc-linux-gnu/10.3.0/crtend.o] ==> obj [/opt/gcc/bin/../lib/gcc/x86_64-pc-linux-gnu/10.3.0/crtend.o]
    arg [/usr/lib/x86_64-linux-gnu/crtn.o] ==> obj [/usr/lib/x86_64-linux-gnu/crtn.o]
  collapse obj [/opt/gcc/bin/../lib/gcc/x86_64-pc-linux-gnu/10.3.0/crtbegin.o] ==> [/opt/gcc/lib/gcc/x86_64-pc-linux-gnu/10.3.0/crtbegin.o]
  collapse obj [/opt/gcc/bin/../lib/gcc/x86_64-pc-linux-gnu/10.3.0/crtend.o] ==> [/opt/gcc/lib/gcc/x86_64-pc-linux-gnu/10.3.0/crtend.o]
  collapse library dir [/opt/gcc/bin/../lib/gcc/x86_64-pc-linux-gnu/10.3.0] ==> [/opt/gcc/lib/gcc/x86_64-pc-linux-gnu/10.3.0]
  collapse library dir [/opt/gcc/bin/../lib/gcc] ==> [/opt/gcc/lib/gcc]
  collapse library dir [/opt/gcc/bin/../lib/gcc/x86_64-pc-linux-gnu/10.3.0/../../../../lib64] ==> [/opt/gcc/lib64]
  collapse library dir [/lib/x86_64-linux-gnu] ==> [/lib/x86_64-linux-gnu]
  collapse library dir [/lib/../lib64] ==> [/lib64]
  collapse library dir [/usr/lib/x86_64-linux-gnu] ==> [/usr/lib/x86_64-linux-gnu]
  collapse library dir [/opt/gcc/bin/../lib/gcc/x86_64-pc-linux-gnu/10.3.0/../../..] ==> [/opt/gcc/lib]
  implicit libs: [stdc++;m;gcc_s;gcc;c;gcc_s;gcc]
  implicit objs: [/usr/lib/x86_64-linux-gnu/crt1.o;/usr/lib/x86_64-linux-gnu/crti.o;/opt/gcc/lib/gcc/x86_64-pc-linux-gnu/10.3.0/crtbegin.o;/opt/gcc/lib/gcc/x86_64-pc-linux-gnu/10.3.0/crtend.o;/usr/lib/x86_64-linux-gnu/crtn.o]
  implicit dirs: [/opt/gcc/lib/gcc/x86_64-pc-linux-gnu/10.3.0;/opt/gcc/lib/gcc;/opt/gcc/lib64;/lib/x86_64-linux-gnu;/lib64;/usr/lib/x86_64-linux-gnu;/opt/gcc/lib]
  implicit fwks: []


